Dirichlet Process Mixture Model.
Input: demo.dat
Number of iterations of Gibbs Sampler: 1200
Burn-In: 200
Initial number of clusters: 1
Output: Number of cluster (K)

Sweep #201
8
Sweep #202
8
Sweep #203
8
Sweep #204
8
Sweep #205
8
Sweep #206
7
Sweep #207
8
Sweep #208
8
Sweep #209
8
Sweep #210
8
Sweep #211
8
Sweep #212
8
Sweep #213
8
Sweep #214
8
Sweep #215
8
Sweep #216
8
Sweep #217
8
Sweep #218
8
Sweep #219
8
Sweep #220
8
Sweep #221
8
Sweep #222
8
Sweep #223
8
Sweep #224
8
Sweep #225
8
Sweep #226
7
Sweep #227
8
Sweep #228
8
Sweep #229
8
Sweep #230
8
Sweep #231
8
Sweep #232
9
Sweep #233
9
Sweep #234
9
Sweep #235
9
Sweep #236
8
Sweep #237
8
Sweep #238
8
Sweep #239
8
Sweep #240
8
Sweep #241
8
Sweep #242
9
Sweep #243
8
Sweep #244
8
Sweep #245
8
Sweep #246
8
Sweep #247
8
Sweep #248
8
Sweep #249
8
Sweep #250
8
Sweep #251
9
Sweep #252
8
Sweep #253
9
Sweep #254
9
Sweep #255
8
Sweep #256
8
Sweep #257
8
Sweep #258
8
Sweep #259
8
Sweep #260
8
Sweep #261
8
Sweep #262
8
Sweep #263
8
Sweep #264
8
Sweep #265
8
Sweep #266
9
Sweep #267
8
Sweep #268
9
Sweep #269
9
Sweep #270
9
Sweep #271
8
Sweep #272
8
Sweep #273
8
Sweep #274
8
Sweep #275
8
Sweep #276
8
Sweep #277
8
Sweep #278
8
Sweep #279
8
Sweep #280
9
Sweep #281
9
Sweep #282
9
Sweep #283
9
Sweep #284
9
Sweep #285
9
Sweep #286
9
Sweep #287
9
Sweep #288
9
Sweep #289
9
Sweep #290
8
Sweep #291
8
Sweep #292
10
Sweep #293
9
Sweep #294
9
Sweep #295
8
Sweep #296
8
Sweep #297
8
Sweep #298
8
Sweep #299
8
Sweep #300
8
Sweep #301
8
Sweep #302
8
Sweep #303
8
Sweep #304
8
Sweep #305
8
Sweep #306
8
Sweep #307
8
Sweep #308
8
Sweep #309
8
Sweep #310
8
Sweep #311
8
Sweep #312
8
Sweep #313
8
Sweep #314
8
Sweep #315
8
Sweep #316
8
Sweep #317
8
Sweep #318
8
Sweep #319
8
Sweep #320
8
Sweep #321
9
Sweep #322
8
Sweep #323
9
Sweep #324
9
Sweep #325
9
Sweep #326
9
Sweep #327
9
Sweep #328
9
Sweep #329
9
Sweep #330
9
Sweep #331
9
Sweep #332
9
Sweep #333
9
Sweep #334
9
Sweep #335
8
Sweep #336
9
Sweep #337
8
Sweep #338
8
Sweep #339
8
Sweep #340
8
Sweep #341
8
Sweep #342
8
Sweep #343
8
Sweep #344
8
Sweep #345
8
Sweep #346
8
Sweep #347
8
Sweep #348
8
Sweep #349
8
Sweep #350
8
Sweep #351
8
Sweep #352
8
Sweep #353
8
Sweep #354
8
Sweep #355
8
Sweep #356
8
Sweep #357
8
Sweep #358
8
Sweep #359
8
Sweep #360
8
Sweep #361
9
Sweep #362
8
Sweep #363
8
Sweep #364
8
Sweep #365
8
Sweep #366
8
Sweep #367
8
Sweep #368
8
Sweep #369
8
Sweep #370
8
Sweep #371
8
Sweep #372
8
Sweep #373
8
Sweep #374
8
Sweep #375
8
Sweep #376
8
Sweep #377
8
Sweep #378
8
Sweep #379
8
Sweep #380
8
Sweep #381
8
Sweep #382
8
Sweep #383
9
Sweep #384
8
Sweep #385
8
Sweep #386
8
Sweep #387
8
Sweep #388
8
Sweep #389
9
Sweep #390
8
Sweep #391
8
Sweep #392
8
Sweep #393
8
Sweep #394
8
Sweep #395
8
Sweep #396
8
Sweep #397
8
Sweep #398
8
Sweep #399
8
Sweep #400
9
Sweep #401
9
Sweep #402
9
Sweep #403
9
Sweep #404
9
Sweep #405
9
Sweep #406
9
Sweep #407
9
Sweep #408
9
Sweep #409
10
Sweep #410
8
Sweep #411
9
Sweep #412
9
Sweep #413
8
Sweep #414
8
Sweep #415
8
Sweep #416
8
Sweep #417
8
Sweep #418
8
Sweep #419
8
Sweep #420
8
Sweep #421
8
Sweep #422
8
Sweep #423
8
Sweep #424
8
Sweep #425
8
Sweep #426
8
Sweep #427
8
Sweep #428
8
Sweep #429
8
Sweep #430
8
Sweep #431
8
Sweep #432
8
Sweep #433
8
Sweep #434
9
Sweep #435
8
Sweep #436
8
Sweep #437
8
Sweep #438
8
Sweep #439
8
Sweep #440
8
Sweep #441
8
Sweep #442
8
Sweep #443
8
Sweep #444
8
Sweep #445
8
Sweep #446
8
Sweep #447
8
Sweep #448
8
Sweep #449
8
Sweep #450
8
Sweep #451
8
Sweep #452
8
Sweep #453
8
Sweep #454
8
Sweep #455
8
Sweep #456
8
Sweep #457
9
Sweep #458
8
Sweep #459
8
Sweep #460
9
Sweep #461
8
Sweep #462
8
Sweep #463
8
Sweep #464
8
Sweep #465
8
Sweep #466
8
Sweep #467
8
Sweep #468
8
Sweep #469
8
Sweep #470
8
Sweep #471
8
Sweep #472
8
Sweep #473
8
Sweep #474
8
Sweep #475
8
Sweep #476
8
Sweep #477
8
Sweep #478
8
Sweep #479
10
Sweep #480
10
Sweep #481
10
Sweep #482
10
Sweep #483
10
Sweep #484
10
Sweep #485
10
Sweep #486
10
Sweep #487
10
Sweep #488
10
Sweep #489
10
Sweep #490
10
Sweep #491
10
Sweep #492
10
Sweep #493
10
Sweep #494
10
Sweep #495
10
Sweep #496
10
Sweep #497
10
Sweep #498
10
Sweep #499
10
Sweep #500
10
Sweep #501
10
Sweep #502
10
Sweep #503
10
Sweep #504
10
Sweep #505
9
Sweep #506
9
Sweep #507
9
Sweep #508
9
Sweep #509
9
Sweep #510
9
Sweep #511
9
Sweep #512
9
Sweep #513
9
Sweep #514
8
Sweep #515
8
Sweep #516
8
Sweep #517
8
Sweep #518
8
Sweep #519
8
Sweep #520
8
Sweep #521
8
Sweep #522
8
Sweep #523
8
Sweep #524
8
Sweep #525
8
Sweep #526
8
Sweep #527
9
Sweep #528
8
Sweep #529
8
Sweep #530
8
Sweep #531
8
Sweep #532
8
Sweep #533
8
Sweep #534
8
Sweep #535
8
Sweep #536
8
Sweep #537
9
Sweep #538
8
Sweep #539
8
Sweep #540
8
Sweep #541
8
Sweep #542
8
Sweep #543
8
Sweep #544
8
Sweep #545
8
Sweep #546
8
Sweep #547
8
Sweep #548
8
Sweep #549
8
Sweep #550
8
Sweep #551
8
Sweep #552
8
Sweep #553
8
Sweep #554
8
Sweep #555
8
Sweep #556
8
Sweep #557
8
Sweep #558
8
Sweep #559
8
Sweep #560
8
Sweep #561
8
Sweep #562
8
Sweep #563
8
Sweep #564
8
Sweep #565
8
Sweep #566
8
Sweep #567
8
Sweep #568
8
Sweep #569
8
Sweep #570
8
Sweep #571
8
Sweep #572
8
Sweep #573
8
Sweep #574
8
Sweep #575
8
Sweep #576
8
Sweep #577
8
Sweep #578
8
Sweep #579
8
Sweep #580
8
Sweep #581
8
Sweep #582
8
Sweep #583
8
Sweep #584
8
Sweep #585
8
Sweep #586
8
Sweep #587
8
Sweep #588
8
Sweep #589
8
Sweep #590
8
Sweep #591
8
Sweep #592
8
Sweep #593
8
Sweep #594
8
Sweep #595
8
Sweep #596
9
Sweep #597
8
Sweep #598
8
Sweep #599
8
Sweep #600
8
Sweep #601
8
Sweep #602
8
Sweep #603
8
Sweep #604
8
Sweep #605
8
Sweep #606
8
Sweep #607
8
Sweep #608
8
Sweep #609
8
Sweep #610
9
Sweep #611
8
Sweep #612
9
Sweep #613
9
Sweep #614
9
Sweep #615
9
Sweep #616
9
Sweep #617
9
Sweep #618
8
Sweep #619
9
Sweep #620
8
Sweep #621
8
Sweep #622
8
Sweep #623
8
Sweep #624
8
Sweep #625
8
Sweep #626
8
Sweep #627
8
Sweep #628
8
Sweep #629
8
Sweep #630
8
Sweep #631
8
Sweep #632
9
Sweep #633
8
Sweep #634
8
Sweep #635
8
Sweep #636
8
Sweep #637
8
Sweep #638
8
Sweep #639
8
Sweep #640
8
Sweep #641
8
Sweep #642
8
Sweep #643
8
Sweep #644
8
Sweep #645
8
Sweep #646
8
Sweep #647
8
Sweep #648
8
Sweep #649
8
Sweep #650
8
Sweep #651
8
Sweep #652
8
Sweep #653
8
Sweep #654
8
Sweep #655
8
Sweep #656
8
Sweep #657
8
Sweep #658
8
Sweep #659
8
Sweep #660
8
Sweep #661
8
Sweep #662
8
Sweep #663
8
Sweep #664
8
Sweep #665
8
Sweep #666
8
Sweep #667
8
Sweep #668
8
Sweep #669
8
Sweep #670
8
Sweep #671
8
Sweep #672
8
Sweep #673
8
Sweep #674
8
Sweep #675
9
Sweep #676
8
Sweep #677
8
Sweep #678
8
Sweep #679
8
Sweep #680
9
Sweep #681
9
Sweep #682
9
Sweep #683
9
Sweep #684
9
Sweep #685
9
Sweep #686
9
Sweep #687
9
Sweep #688
9
Sweep #689
9
Sweep #690
9
Sweep #691
9
Sweep #692
9
Sweep #693
9
Sweep #694
9
Sweep #695
9
Sweep #696
9
Sweep #697
9
Sweep #698
9
Sweep #699
9
Sweep #700
9
Sweep #701
9
Sweep #702
9
Sweep #703
9
Sweep #704
10
Sweep #705
10
Sweep #706
10
Sweep #707
9
Sweep #708
9
Sweep #709
9
Sweep #710
9
Sweep #711
9
Sweep #712
9
Sweep #713
9
Sweep #714
9
Sweep #715
9
Sweep #716
9
Sweep #717
9
Sweep #718
9
Sweep #719
9
Sweep #720
9
Sweep #721
9
Sweep #722
9
Sweep #723
9
Sweep #724
9
Sweep #725
9
Sweep #726
9
Sweep #727
9
Sweep #728
9
Sweep #729
9
Sweep #730
9
Sweep #731
10
Sweep #732
9
Sweep #733
9
Sweep #734
9
Sweep #735
9
Sweep #736
8
Sweep #737
8
Sweep #738
8
Sweep #739
8
Sweep #740
9
Sweep #741
8
Sweep #742
8
Sweep #743
8
Sweep #744
8
Sweep #745
9
Sweep #746
8
Sweep #747
8
Sweep #748
8
Sweep #749
8
Sweep #750
8
Sweep #751
8
Sweep #752
8
Sweep #753
9
Sweep #754
9
Sweep #755
9
Sweep #756
9
Sweep #757
9
Sweep #758
8
Sweep #759
8
Sweep #760
8
Sweep #761
8
Sweep #762
8
Sweep #763
8
Sweep #764
8
Sweep #765
8
Sweep #766
9
Sweep #767
9
Sweep #768
8
Sweep #769
8
Sweep #770
8
Sweep #771
8
Sweep #772
8
Sweep #773
8
Sweep #774
8
Sweep #775
8
Sweep #776
8
Sweep #777
8
Sweep #778
8
Sweep #779
8
Sweep #780
8
Sweep #781
8
Sweep #782
8
Sweep #783
8
Sweep #784
8
Sweep #785
8
Sweep #786
8
Sweep #787
8
Sweep #788
8
Sweep #789
8
Sweep #790
8
Sweep #791
8
Sweep #792
8
Sweep #793
8
Sweep #794
8
Sweep #795
8
Sweep #796
8
Sweep #797
8
Sweep #798
8
Sweep #799
8
Sweep #800
8
Sweep #801
8
Sweep #802
8
Sweep #803
9
Sweep #804
9
Sweep #805
8
Sweep #806
10
Sweep #807
9
Sweep #808
8
Sweep #809
8
Sweep #810
8
Sweep #811
8
Sweep #812
8
Sweep #813
8
Sweep #814
8
Sweep #815
8
Sweep #816
8
Sweep #817
8
Sweep #818
8
Sweep #819
8
Sweep #820
8
Sweep #821
8
Sweep #822
8
Sweep #823
8
Sweep #824
8
Sweep #825
8
Sweep #826
8
Sweep #827
8
Sweep #828
8
Sweep #829
8
Sweep #830
8
Sweep #831
8
Sweep #832
8
Sweep #833
8
Sweep #834
8
Sweep #835
8
Sweep #836
8
Sweep #837
8
Sweep #838
8
Sweep #839
9
Sweep #840
8
Sweep #841
8
Sweep #842
8
Sweep #843
8
Sweep #844
8
Sweep #845
8
Sweep #846
8
Sweep #847
8
Sweep #848
8
Sweep #849
8
Sweep #850
8
Sweep #851
8
Sweep #852
8
Sweep #853
8
Sweep #854
8
Sweep #855
8
Sweep #856
8
Sweep #857
8
Sweep #858
8
Sweep #859
8
Sweep #860
8
Sweep #861
8
Sweep #862
8
Sweep #863
8
Sweep #864
8
Sweep #865
8
Sweep #866
9
Sweep #867
8
Sweep #868
8
Sweep #869
8
Sweep #870
8
Sweep #871
8
Sweep #872
8
Sweep #873
8
Sweep #874
8
Sweep #875
8
Sweep #876
8
Sweep #877
8
Sweep #878
8
Sweep #879
8
Sweep #880
8
Sweep #881
8
Sweep #882
8
Sweep #883
8
Sweep #884
8
Sweep #885
8
Sweep #886
9
Sweep #887
8
Sweep #888
8
Sweep #889
8
Sweep #890
8
Sweep #891
8
Sweep #892
8
Sweep #893
8
Sweep #894
8
Sweep #895
8
Sweep #896
8
Sweep #897
8
Sweep #898
8
Sweep #899
8
Sweep #900
8
Sweep #901
8
Sweep #902
8
Sweep #903
8
Sweep #904
9
Sweep #905
8
Sweep #906
8
Sweep #907
8
Sweep #908
8
Sweep #909
8
Sweep #910
8
Sweep #911
8
Sweep #912
8
Sweep #913
8
Sweep #914
8
Sweep #915
8
Sweep #916
8
Sweep #917
8
Sweep #918
8
Sweep #919
8
Sweep #920
8
Sweep #921
8
Sweep #922
8
Sweep #923
8
Sweep #924
8
Sweep #925
8
Sweep #926
8
Sweep #927
8
Sweep #928
8
Sweep #929
8
Sweep #930
8
Sweep #931
8
Sweep #932
8
Sweep #933
8
Sweep #934
8
Sweep #935
8
Sweep #936
8
Sweep #937
9
Sweep #938
8
Sweep #939
8
Sweep #940
9
Sweep #941
10
Sweep #942
10
Sweep #943
9
Sweep #944
8
Sweep #945
8
Sweep #946
9
Sweep #947
8
Sweep #948
8
Sweep #949
8
Sweep #950
8
Sweep #951
8
Sweep #952
8
Sweep #953
8
Sweep #954
8
Sweep #955
8
Sweep #956
8
Sweep #957
8
Sweep #958
8
Sweep #959
8
Sweep #960
8
Sweep #961
8
Sweep #962
8
Sweep #963
8
Sweep #964
8
Sweep #965
8
Sweep #966
8
Sweep #967
8
Sweep #968
8
Sweep #969
8
Sweep #970
8
Sweep #971
8
Sweep #972
8
Sweep #973
8
Sweep #974
9
Sweep #975
8
Sweep #976
8
Sweep #977
8
Sweep #978
8
Sweep #979
8
Sweep #980
8
Sweep #981
8
Sweep #982
8
Sweep #983
8
Sweep #984
9
Sweep #985
8
Sweep #986
8
Sweep #987
8
Sweep #988
8
Sweep #989
8
Sweep #990
8
Sweep #991
8
Sweep #992
8
Sweep #993
8
Sweep #994
8
Sweep #995
8
Sweep #996
8
Sweep #997
8
Sweep #998
9
Sweep #999
8
Sweep #1000
8
Sweep #1001
8
Sweep #1002
8
Sweep #1003
8
Sweep #1004
8
Sweep #1005
8
Sweep #1006
8
Sweep #1007
8
Sweep #1008
8
Sweep #1009
8
Sweep #1010
8
Sweep #1011
8
Sweep #1012
9
Sweep #1013
8
Sweep #1014
8
Sweep #1015
8
Sweep #1016
8
Sweep #1017
8
Sweep #1018
8
Sweep #1019
8
Sweep #1020
8
Sweep #1021
8
Sweep #1022
8
Sweep #1023
8
Sweep #1024
8
Sweep #1025
8
Sweep #1026
8
Sweep #1027
8
Sweep #1028
8
Sweep #1029
8
Sweep #1030
8
Sweep #1031
8
Sweep #1032
8
Sweep #1033
8
Sweep #1034
8
Sweep #1035
8
Sweep #1036
8
Sweep #1037
8
Sweep #1038
8
Sweep #1039
9
Sweep #1040
9
Sweep #1041
8
Sweep #1042
8
Sweep #1043
9
Sweep #1044
8
Sweep #1045
8
Sweep #1046
8
Sweep #1047
8
Sweep #1048
8
Sweep #1049
8
Sweep #1050
8
Sweep #1051
8
Sweep #1052
8
Sweep #1053
9
Sweep #1054
8
Sweep #1055
8
Sweep #1056
8
Sweep #1057
8
Sweep #1058
8
Sweep #1059
8
Sweep #1060
8
Sweep #1061
8
Sweep #1062
8
Sweep #1063
8
Sweep #1064
8
Sweep #1065
8
Sweep #1066
8
Sweep #1067
8
Sweep #1068
8
Sweep #1069
8
Sweep #1070
8
Sweep #1071
8
Sweep #1072
8
Sweep #1073
8
Sweep #1074
8
Sweep #1075
8
Sweep #1076
8
Sweep #1077
8
Sweep #1078
8
Sweep #1079
8
Sweep #1080
8
Sweep #1081
8
Sweep #1082
8
Sweep #1083
8
Sweep #1084
9
Sweep #1085
8
Sweep #1086
8
Sweep #1087
8
Sweep #1088
8
Sweep #1089
8
Sweep #1090
8
Sweep #1091
8
Sweep #1092
8
Sweep #1093
8
Sweep #1094
8
Sweep #1095
8
Sweep #1096
8
Sweep #1097
8
Sweep #1098
8
Sweep #1099
8
Sweep #1100
8
Sweep #1101
9
Sweep #1102
8
Sweep #1103
8
Sweep #1104
9
Sweep #1105
9
Sweep #1106
9
Sweep #1107
8
Sweep #1108
8
Sweep #1109
8
Sweep #1110
8
Sweep #1111
8
Sweep #1112
8
Sweep #1113
8
Sweep #1114
8
Sweep #1115
8
Sweep #1116
8
Sweep #1117
8
Sweep #1118
8
Sweep #1119
8
Sweep #1120
8
Sweep #1121
8
Sweep #1122
8
Sweep #1123
8
Sweep #1124
8
Sweep #1125
8
Sweep #1126
10
Sweep #1127
8
Sweep #1128
8
Sweep #1129
8
Sweep #1130
8
Sweep #1131
8
Sweep #1132
8
Sweep #1133
8
Sweep #1134
8
Sweep #1135
8
Sweep #1136
8
Sweep #1137
8
Sweep #1138
8
Sweep #1139
8
Sweep #1140
8
Sweep #1141
8
Sweep #1142
8
Sweep #1143
8
Sweep #1144
8
Sweep #1145
8
Sweep #1146
8
Sweep #1147
8
Sweep #1148
8
Sweep #1149
10
Sweep #1150
8
Sweep #1151
8
Sweep #1152
9
Sweep #1153
8
Sweep #1154
8
Sweep #1155
8
Sweep #1156
8
Sweep #1157
8
Sweep #1158
8
Sweep #1159
8
Sweep #1160
8
Sweep #1161
8
Sweep #1162
8
Sweep #1163
8
Sweep #1164
8
Sweep #1165
8
Sweep #1166
8
Sweep #1167
8
Sweep #1168
8
Sweep #1169
9
Sweep #1170
9
Sweep #1171
9
Sweep #1172
8
Sweep #1173
8
Sweep #1174
8
Sweep #1175
9
Sweep #1176
8
Sweep #1177
8
Sweep #1178
8
Sweep #1179
8
Sweep #1180
8
Sweep #1181
8
Sweep #1182
9
Sweep #1183
8
Sweep #1184
8
Sweep #1185
8
Sweep #1186
8
Sweep #1187
8
Sweep #1188
8
Sweep #1189
8
Sweep #1190
8
Sweep #1191
8
Sweep #1192
9
Sweep #1193
8
Sweep #1194
8
Sweep #1195
8
Sweep #1196
8
Sweep #1197
8
Sweep #1198
8
Sweep #1199
8
Sweep #1200
8
