Dirichlet Process Mixture Model.
Input: demo.dat
Number of iterations of Gibbs Sampler: 1200
Burn-In: 200
Initial number of clusters: 1
Output: Number of cluster (K)

Sweep #201
4
Sweep #202
4
Sweep #203
4
Sweep #204
4
Sweep #205
4
Sweep #206
4
Sweep #207
4
Sweep #208
4
Sweep #209
4
Sweep #210
5
Sweep #211
4
Sweep #212
4
Sweep #213
4
Sweep #214
4
Sweep #215
4
Sweep #216
5
Sweep #217
3
Sweep #218
3
Sweep #219
3
Sweep #220
4
Sweep #221
3
Sweep #222
3
Sweep #223
3
Sweep #224
3
Sweep #225
3
Sweep #226
3
Sweep #227
3
Sweep #228
3
Sweep #229
3
Sweep #230
3
Sweep #231
3
Sweep #232
3
Sweep #233
3
Sweep #234
3
Sweep #235
3
Sweep #236
3
Sweep #237
3
Sweep #238
3
Sweep #239
3
Sweep #240
3
Sweep #241
3
Sweep #242
3
Sweep #243
3
Sweep #244
3
Sweep #245
3
Sweep #246
3
Sweep #247
3
Sweep #248
3
Sweep #249
3
Sweep #250
3
Sweep #251
3
Sweep #252
3
Sweep #253
3
Sweep #254
3
Sweep #255
3
Sweep #256
3
Sweep #257
4
Sweep #258
4
Sweep #259
4
Sweep #260
4
Sweep #261
3
Sweep #262
3
Sweep #263
3
Sweep #264
3
Sweep #265
3
Sweep #266
3
Sweep #267
3
Sweep #268
3
Sweep #269
3
Sweep #270
4
Sweep #271
4
Sweep #272
4
Sweep #273
3
Sweep #274
3
Sweep #275
3
Sweep #276
3
Sweep #277
3
Sweep #278
4
Sweep #279
3
Sweep #280
3
Sweep #281
3
Sweep #282
3
Sweep #283
3
Sweep #284
3
Sweep #285
3
Sweep #286
3
Sweep #287
3
Sweep #288
4
Sweep #289
3
Sweep #290
3
Sweep #291
3
Sweep #292
3
Sweep #293
4
Sweep #294
3
Sweep #295
4
Sweep #296
3
Sweep #297
3
Sweep #298
3
Sweep #299
3
Sweep #300
3
Sweep #301
3
Sweep #302
3
Sweep #303
3
Sweep #304
3
Sweep #305
3
Sweep #306
3
Sweep #307
3
Sweep #308
3
Sweep #309
3
Sweep #310
3
Sweep #311
3
Sweep #312
4
Sweep #313
3
Sweep #314
4
Sweep #315
3
Sweep #316
3
Sweep #317
3
Sweep #318
3
Sweep #319
3
Sweep #320
3
Sweep #321
4
Sweep #322
4
Sweep #323
4
Sweep #324
4
Sweep #325
4
Sweep #326
4
Sweep #327
4
Sweep #328
3
Sweep #329
3
Sweep #330
4
Sweep #331
3
Sweep #332
3
Sweep #333
3
Sweep #334
3
Sweep #335
3
Sweep #336
3
Sweep #337
3
Sweep #338
3
Sweep #339
4
Sweep #340
4
Sweep #341
4
Sweep #342
4
Sweep #343
3
Sweep #344
3
Sweep #345
3
Sweep #346
3
Sweep #347
3
Sweep #348
3
Sweep #349
3
Sweep #350
3
Sweep #351
4
Sweep #352
4
Sweep #353
4
Sweep #354
5
Sweep #355
4
Sweep #356
4
Sweep #357
4
Sweep #358
4
Sweep #359
4
Sweep #360
4
Sweep #361
4
Sweep #362
4
Sweep #363
4
Sweep #364
4
Sweep #365
4
Sweep #366
4
Sweep #367
4
Sweep #368
4
Sweep #369
4
Sweep #370
4
Sweep #371
4
Sweep #372
4
Sweep #373
4
Sweep #374
4
Sweep #375
4
Sweep #376
4
Sweep #377
4
Sweep #378
4
Sweep #379
4
Sweep #380
5
Sweep #381
3
Sweep #382
3
Sweep #383
4
Sweep #384
3
Sweep #385
3
Sweep #386
3
Sweep #387
3
Sweep #388
3
Sweep #389
3
Sweep #390
3
Sweep #391
3
Sweep #392
3
Sweep #393
3
Sweep #394
3
Sweep #395
3
Sweep #396
3
Sweep #397
3
Sweep #398
4
Sweep #399
4
Sweep #400
4
Sweep #401
4
Sweep #402
4
Sweep #403
4
Sweep #404
4
Sweep #405
4
Sweep #406
4
Sweep #407
4
Sweep #408
4
Sweep #409
4
Sweep #410
4
Sweep #411
4
Sweep #412
4
Sweep #413
3
Sweep #414
3
Sweep #415
3
Sweep #416
3
Sweep #417
3
Sweep #418
3
Sweep #419
3
Sweep #420
3
Sweep #421
3
Sweep #422
4
Sweep #423
3
Sweep #424
3
Sweep #425
3
Sweep #426
3
Sweep #427
3
Sweep #428
3
Sweep #429
3
Sweep #430
3
Sweep #431
3
Sweep #432
3
Sweep #433
3
Sweep #434
3
Sweep #435
3
Sweep #436
3
Sweep #437
4
Sweep #438
3
Sweep #439
3
Sweep #440
4
Sweep #441
3
Sweep #442
3
Sweep #443
3
Sweep #444
3
Sweep #445
3
Sweep #446
3
Sweep #447
3
Sweep #448
3
Sweep #449
4
Sweep #450
4
Sweep #451
3
Sweep #452
3
Sweep #453
3
Sweep #454
4
Sweep #455
3
Sweep #456
3
Sweep #457
3
Sweep #458
3
Sweep #459
3
Sweep #460
3
Sweep #461
3
Sweep #462
3
Sweep #463
3
Sweep #464
3
Sweep #465
3
Sweep #466
4
Sweep #467
4
Sweep #468
5
Sweep #469
4
Sweep #470
4
Sweep #471
3
Sweep #472
3
Sweep #473
4
Sweep #474
3
Sweep #475
3
Sweep #476
3
Sweep #477
3
Sweep #478
3
Sweep #479
3
Sweep #480
4
Sweep #481
4
Sweep #482
4
Sweep #483
4
Sweep #484
4
Sweep #485
3
Sweep #486
4
Sweep #487
4
Sweep #488
4
Sweep #489
3
Sweep #490
3
Sweep #491
4
Sweep #492
3
Sweep #493
3
Sweep #494
3
Sweep #495
3
Sweep #496
3
Sweep #497
3
Sweep #498
3
Sweep #499
4
Sweep #500
3
Sweep #501
3
Sweep #502
3
Sweep #503
3
Sweep #504
3
Sweep #505
3
Sweep #506
3
Sweep #507
3
Sweep #508
3
Sweep #509
4
Sweep #510
4
Sweep #511
4
Sweep #512
4
Sweep #513
4
Sweep #514
4
Sweep #515
4
Sweep #516
4
Sweep #517
4
Sweep #518
4
Sweep #519
4
Sweep #520
4
Sweep #521
5
Sweep #522
5
Sweep #523
4
Sweep #524
4
Sweep #525
4
Sweep #526
4
Sweep #527
4
Sweep #528
4
Sweep #529
4
Sweep #530
4
Sweep #531
4
Sweep #532
4
Sweep #533
4
Sweep #534
4
Sweep #535
4
Sweep #536
4
Sweep #537
4
Sweep #538
5
Sweep #539
4
Sweep #540
4
Sweep #541
4
Sweep #542
4
Sweep #543
5
Sweep #544
5
Sweep #545
4
Sweep #546
4
Sweep #547
4
Sweep #548
4
Sweep #549
6
Sweep #550
6
Sweep #551
4
Sweep #552
4
Sweep #553
4
Sweep #554
5
Sweep #555
4
Sweep #556
4
Sweep #557
4
Sweep #558
4
Sweep #559
4
Sweep #560
4
Sweep #561
4
Sweep #562
4
Sweep #563
4
Sweep #564
4
Sweep #565
4
Sweep #566
4
Sweep #567
4
Sweep #568
4
Sweep #569
4
Sweep #570
4
Sweep #571
4
Sweep #572
3
Sweep #573
3
Sweep #574
3
Sweep #575
3
Sweep #576
3
Sweep #577
3
Sweep #578
3
Sweep #579
3
Sweep #580
3
Sweep #581
3
Sweep #582
3
Sweep #583
3
Sweep #584
3
Sweep #585
3
Sweep #586
3
Sweep #587
3
Sweep #588
3
Sweep #589
3
Sweep #590
3
Sweep #591
3
Sweep #592
3
Sweep #593
3
Sweep #594
3
Sweep #595
3
Sweep #596
3
Sweep #597
3
Sweep #598
3
Sweep #599
3
Sweep #600
3
Sweep #601
3
Sweep #602
3
Sweep #603
3
Sweep #604
3
Sweep #605
3
Sweep #606
3
Sweep #607
3
Sweep #608
3
Sweep #609
4
Sweep #610
3
Sweep #611
3
Sweep #612
3
Sweep #613
3
Sweep #614
3
Sweep #615
3
Sweep #616
3
Sweep #617
4
Sweep #618
3
Sweep #619
3
Sweep #620
3
Sweep #621
3
Sweep #622
3
Sweep #623
4
Sweep #624
3
Sweep #625
3
Sweep #626
3
Sweep #627
3
Sweep #628
3
Sweep #629
3
Sweep #630
3
Sweep #631
3
Sweep #632
3
Sweep #633
3
Sweep #634
3
Sweep #635
4
Sweep #636
3
Sweep #637
3
Sweep #638
3
Sweep #639
3
Sweep #640
3
Sweep #641
3
Sweep #642
3
Sweep #643
3
Sweep #644
3
Sweep #645
3
Sweep #646
3
Sweep #647
3
Sweep #648
3
Sweep #649
3
Sweep #650
3
Sweep #651
3
Sweep #652
3
Sweep #653
3
Sweep #654
3
Sweep #655
3
Sweep #656
3
Sweep #657
3
Sweep #658
4
Sweep #659
3
Sweep #660
3
Sweep #661
3
Sweep #662
4
Sweep #663
4
Sweep #664
4
Sweep #665
3
Sweep #666
3
Sweep #667
4
Sweep #668
4
Sweep #669
4
Sweep #670
5
Sweep #671
5
Sweep #672
4
Sweep #673
4
Sweep #674
3
Sweep #675
3
Sweep #676
3
Sweep #677
3
Sweep #678
3
Sweep #679
3
Sweep #680
3
Sweep #681
3
Sweep #682
3
Sweep #683
3
Sweep #684
3
Sweep #685
4
Sweep #686
4
Sweep #687
4
Sweep #688
4
Sweep #689
4
Sweep #690
3
Sweep #691
3
Sweep #692
3
Sweep #693
4
Sweep #694
3
Sweep #695
3
Sweep #696
3
Sweep #697
3
Sweep #698
3
Sweep #699
3
Sweep #700
4
Sweep #701
3
Sweep #702
3
Sweep #703
4
Sweep #704
4
Sweep #705
3
Sweep #706
3
Sweep #707
3
Sweep #708
3
Sweep #709
3
Sweep #710
3
Sweep #711
3
Sweep #712
3
Sweep #713
3
Sweep #714
3
Sweep #715
3
Sweep #716
3
Sweep #717
3
Sweep #718
3
Sweep #719
3
Sweep #720
3
Sweep #721
3
Sweep #722
3
Sweep #723
3
Sweep #724
3
Sweep #725
3
Sweep #726
3
Sweep #727
3
Sweep #728
3
Sweep #729
3
Sweep #730
3
Sweep #731
5
Sweep #732
4
Sweep #733
3
Sweep #734
3
Sweep #735
3
Sweep #736
4
Sweep #737
3
Sweep #738
3
Sweep #739
3
Sweep #740
3
Sweep #741
3
Sweep #742
3
Sweep #743
3
Sweep #744
3
Sweep #745
3
Sweep #746
3
Sweep #747
3
Sweep #748
3
Sweep #749
3
Sweep #750
3
Sweep #751
3
Sweep #752
3
Sweep #753
3
Sweep #754
3
Sweep #755
3
Sweep #756
3
Sweep #757
4
Sweep #758
3
Sweep #759
3
Sweep #760
4
Sweep #761
4
Sweep #762
4
Sweep #763
3
Sweep #764
3
Sweep #765
3
Sweep #766
4
Sweep #767
4
Sweep #768
5
Sweep #769
4
Sweep #770
4
Sweep #771
3
Sweep #772
3
Sweep #773
3
Sweep #774
3
Sweep #775
4
Sweep #776
4
Sweep #777
4
Sweep #778
3
Sweep #779
3
Sweep #780
3
Sweep #781
3
Sweep #782
3
Sweep #783
3
Sweep #784
3
Sweep #785
3
Sweep #786
3
Sweep #787
3
Sweep #788
3
Sweep #789
3
Sweep #790
3
Sweep #791
3
Sweep #792
3
Sweep #793
3
Sweep #794
3
Sweep #795
3
Sweep #796
3
Sweep #797
3
Sweep #798
3
Sweep #799
3
Sweep #800
3
Sweep #801
3
Sweep #802
3
Sweep #803
3
Sweep #804
3
Sweep #805
3
Sweep #806
3
Sweep #807
3
Sweep #808
4
Sweep #809
3
Sweep #810
3
Sweep #811
3
Sweep #812
3
Sweep #813
3
Sweep #814
4
Sweep #815
4
Sweep #816
4
Sweep #817
5
Sweep #818
5
Sweep #819
4
Sweep #820
4
Sweep #821
3
Sweep #822
3
Sweep #823
3
Sweep #824
3
Sweep #825
4
Sweep #826
3
Sweep #827
3
Sweep #828
3
Sweep #829
3
Sweep #830
3
Sweep #831
3
Sweep #832
3
Sweep #833
4
Sweep #834
3
Sweep #835
3
Sweep #836
4
Sweep #837
4
Sweep #838
3
Sweep #839
3
Sweep #840
3
Sweep #841
3
Sweep #842
3
Sweep #843
3
Sweep #844
3
Sweep #845
3
Sweep #846
3
Sweep #847
3
Sweep #848
3
Sweep #849
3
Sweep #850
3
Sweep #851
3
Sweep #852
3
Sweep #853
3
Sweep #854
4
Sweep #855
5
Sweep #856
4
Sweep #857
3
Sweep #858
3
Sweep #859
3
Sweep #860
3
Sweep #861
4
Sweep #862
3
Sweep #863
4
Sweep #864
3
Sweep #865
3
Sweep #866
3
Sweep #867
3
Sweep #868
3
Sweep #869
3
Sweep #870
4
Sweep #871
4
Sweep #872
3
Sweep #873
3
Sweep #874
3
Sweep #875
4
Sweep #876
4
Sweep #877
4
Sweep #878
4
Sweep #879
4
Sweep #880
4
Sweep #881
3
Sweep #882
3
Sweep #883
3
Sweep #884
3
Sweep #885
3
Sweep #886
4
Sweep #887
3
Sweep #888
3
Sweep #889
3
Sweep #890
3
Sweep #891
3
Sweep #892
3
Sweep #893
3
Sweep #894
3
Sweep #895
3
Sweep #896
3
Sweep #897
3
Sweep #898
3
Sweep #899
3
Sweep #900
4
Sweep #901
3
Sweep #902
3
Sweep #903
3
Sweep #904
3
Sweep #905
3
Sweep #906
3
Sweep #907
3
Sweep #908
3
Sweep #909
3
Sweep #910
3
Sweep #911
3
Sweep #912
3
Sweep #913
5
Sweep #914
3
Sweep #915
4
Sweep #916
3
Sweep #917
3
Sweep #918
3
Sweep #919
3
Sweep #920
3
Sweep #921
3
Sweep #922
3
Sweep #923
3
Sweep #924
3
Sweep #925
3
Sweep #926
3
Sweep #927
3
Sweep #928
3
Sweep #929
3
Sweep #930
4
Sweep #931
4
Sweep #932
4
Sweep #933
4
Sweep #934
4
Sweep #935
4
Sweep #936
4
Sweep #937
4
Sweep #938
4
Sweep #939
4
Sweep #940
4
Sweep #941
4
Sweep #942
4
Sweep #943
5
Sweep #944
5
Sweep #945
4
Sweep #946
4
Sweep #947
4
Sweep #948
4
Sweep #949
3
Sweep #950
3
Sweep #951
3
Sweep #952
3
Sweep #953
3
Sweep #954
3
Sweep #955
3
Sweep #956
3
Sweep #957
3
Sweep #958
3
Sweep #959
3
Sweep #960
3
Sweep #961
3
Sweep #962
3
Sweep #963
3
Sweep #964
3
Sweep #965
3
Sweep #966
3
Sweep #967
3
Sweep #968
4
Sweep #969
4
Sweep #970
4
Sweep #971
4
Sweep #972
4
Sweep #973
3
Sweep #974
3
Sweep #975
3
Sweep #976
3
Sweep #977
3
Sweep #978
3
Sweep #979
3
Sweep #980
3
Sweep #981
3
Sweep #982
3
Sweep #983
3
Sweep #984
3
Sweep #985
3
Sweep #986
3
Sweep #987
4
Sweep #988
4
Sweep #989
4
Sweep #990
3
Sweep #991
4
Sweep #992
4
Sweep #993
3
Sweep #994
3
Sweep #995
3
Sweep #996
3
Sweep #997
3
Sweep #998
3
Sweep #999
3
Sweep #1000
3
Sweep #1001
3
Sweep #1002
3
Sweep #1003
3
Sweep #1004
5
Sweep #1005
4
Sweep #1006
3
Sweep #1007
3
Sweep #1008
3
Sweep #1009
3
Sweep #1010
3
Sweep #1011
3
Sweep #1012
3
Sweep #1013
3
Sweep #1014
3
Sweep #1015
4
Sweep #1016
3
Sweep #1017
3
Sweep #1018
3
Sweep #1019
3
Sweep #1020
3
Sweep #1021
3
Sweep #1022
3
Sweep #1023
3
Sweep #1024
4
Sweep #1025
3
Sweep #1026
3
Sweep #1027
3
Sweep #1028
3
Sweep #1029
3
Sweep #1030
3
Sweep #1031
3
Sweep #1032
3
Sweep #1033
3
Sweep #1034
3
Sweep #1035
3
Sweep #1036
3
Sweep #1037
3
Sweep #1038
3
Sweep #1039
4
Sweep #1040
4
Sweep #1041
3
Sweep #1042
3
Sweep #1043
3
Sweep #1044
3
Sweep #1045
3
Sweep #1046
3
Sweep #1047
3
Sweep #1048
3
Sweep #1049
4
Sweep #1050
4
Sweep #1051
4
Sweep #1052
4
Sweep #1053
4
Sweep #1054
5
Sweep #1055
5
Sweep #1056
5
Sweep #1057
4
Sweep #1058
4
Sweep #1059
4
Sweep #1060
3
Sweep #1061
3
Sweep #1062
3
Sweep #1063
3
Sweep #1064
3
Sweep #1065
4
Sweep #1066
3
Sweep #1067
3
Sweep #1068
3
Sweep #1069
3
Sweep #1070
4
Sweep #1071
3
Sweep #1072
3
Sweep #1073
3
Sweep #1074
3
Sweep #1075
3
Sweep #1076
3
Sweep #1077
3
Sweep #1078
3
Sweep #1079
3
Sweep #1080
3
Sweep #1081
3
Sweep #1082
3
Sweep #1083
5
Sweep #1084
3
Sweep #1085
4
Sweep #1086
4
Sweep #1087
4
Sweep #1088
5
Sweep #1089
5
Sweep #1090
5
Sweep #1091
5
Sweep #1092
4
Sweep #1093
4
Sweep #1094
4
Sweep #1095
4
Sweep #1096
4
Sweep #1097
4
Sweep #1098
4
Sweep #1099
4
Sweep #1100
4
Sweep #1101
5
Sweep #1102
4
Sweep #1103
4
Sweep #1104
4
Sweep #1105
4
Sweep #1106
4
Sweep #1107
3
Sweep #1108
3
Sweep #1109
4
Sweep #1110
3
Sweep #1111
3
Sweep #1112
3
Sweep #1113
3
Sweep #1114
4
Sweep #1115
4
Sweep #1116
3
Sweep #1117
3
Sweep #1118
4
Sweep #1119
3
Sweep #1120
3
Sweep #1121
3
Sweep #1122
3
Sweep #1123
3
Sweep #1124
3
Sweep #1125
3
Sweep #1126
4
Sweep #1127
4
Sweep #1128
3
Sweep #1129
3
Sweep #1130
3
Sweep #1131
3
Sweep #1132
3
Sweep #1133
3
Sweep #1134
4
Sweep #1135
3
Sweep #1136
3
Sweep #1137
3
Sweep #1138
3
Sweep #1139
3
Sweep #1140
3
Sweep #1141
3
Sweep #1142
3
Sweep #1143
3
Sweep #1144
3
Sweep #1145
3
Sweep #1146
3
Sweep #1147
3
Sweep #1148
3
Sweep #1149
3
Sweep #1150
4
Sweep #1151
4
Sweep #1152
4
Sweep #1153
4
Sweep #1154
4
Sweep #1155
4
Sweep #1156
3
Sweep #1157
3
Sweep #1158
3
Sweep #1159
3
Sweep #1160
3
Sweep #1161
3
Sweep #1162
3
Sweep #1163
3
Sweep #1164
3
Sweep #1165
3
Sweep #1166
3
Sweep #1167
3
Sweep #1168
3
Sweep #1169
3
Sweep #1170
3
Sweep #1171
3
Sweep #1172
3
Sweep #1173
3
Sweep #1174
3
Sweep #1175
4
Sweep #1176
3
Sweep #1177
4
Sweep #1178
4
Sweep #1179
3
Sweep #1180
4
Sweep #1181
4
Sweep #1182
4
Sweep #1183
3
Sweep #1184
3
Sweep #1185
3
Sweep #1186
3
Sweep #1187
3
Sweep #1188
3
Sweep #1189
3
Sweep #1190
3
Sweep #1191
3
Sweep #1192
3
Sweep #1193
3
Sweep #1194
3
Sweep #1195
3
Sweep #1196
3
Sweep #1197
3
Sweep #1198
3
Sweep #1199
3
Sweep #1200
3
