Dirichlet Process Mixture Model.
Input: demo.dat
Number of iterations of Gibbs Sampler: 300
Burn-In: 0
Initial number of clusters: 100
Output: Number of cluster (K)

Sweep #1
104
Sweep #2
104
Sweep #3
102
Sweep #4
102
Sweep #5
95
Sweep #6
88
Sweep #7
81
Sweep #8
72
Sweep #9
64
Sweep #10
60
Sweep #11
56
Sweep #12
52
Sweep #13
50
Sweep #14
45
Sweep #15
41
Sweep #16
38
Sweep #17
36
Sweep #18
36
Sweep #19
33
Sweep #20
32
Sweep #21
32
Sweep #22
30
Sweep #23
27
Sweep #24
26
Sweep #25
27
Sweep #26
27
Sweep #27
27
Sweep #28
27
Sweep #29
26
Sweep #30
27
Sweep #31
26
Sweep #32
26
Sweep #33
26
Sweep #34
26
Sweep #35
26
Sweep #36
26
Sweep #37
26
Sweep #38
26
Sweep #39
26
Sweep #40
25
Sweep #41
24
Sweep #42
24
Sweep #43
24
Sweep #44
23
Sweep #45
23
Sweep #46
22
Sweep #47
22
Sweep #48
21
Sweep #49
20
Sweep #50
21
Sweep #51
21
Sweep #52
20
Sweep #53
20
Sweep #54
19
Sweep #55
18
Sweep #56
19
Sweep #57
17
Sweep #58
17
Sweep #59
17
Sweep #60
19
Sweep #61
17
Sweep #62
17
Sweep #63
16
Sweep #64
16
Sweep #65
16
Sweep #66
16
Sweep #67
16
Sweep #68
16
Sweep #69
16
Sweep #70
16
Sweep #71
16
Sweep #72
16
Sweep #73
16
Sweep #74
16
Sweep #75
16
Sweep #76
16
Sweep #77
16
Sweep #78
16
Sweep #79
15
Sweep #80
16
Sweep #81
14
Sweep #82
14
Sweep #83
14
Sweep #84
14
Sweep #85
14
Sweep #86
14
Sweep #87
14
Sweep #88
14
Sweep #89
14
Sweep #90
14
Sweep #91
14
Sweep #92
14
Sweep #93
14
Sweep #94
14
Sweep #95
14
Sweep #96
14
Sweep #97
14
Sweep #98
14
Sweep #99
14
Sweep #100
14
Sweep #101
14
Sweep #102
14
Sweep #103
14
Sweep #104
14
Sweep #105
14
Sweep #106
15
Sweep #107
15
Sweep #108
14
Sweep #109
14
Sweep #110
14
Sweep #111
14
Sweep #112
14
Sweep #113
14
Sweep #114
14
Sweep #115
14
Sweep #116
14
Sweep #117
14
Sweep #118
14
Sweep #119
14
Sweep #120
14
Sweep #121
14
Sweep #122
13
Sweep #123
13
Sweep #124
13
Sweep #125
13
Sweep #126
13
Sweep #127
13
Sweep #128
13
Sweep #129
13
Sweep #130
13
Sweep #131
13
Sweep #132
13
Sweep #133
13
Sweep #134
13
Sweep #135
13
Sweep #136
13
Sweep #137
13
Sweep #138
13
Sweep #139
13
Sweep #140
13
Sweep #141
13
Sweep #142
13
Sweep #143
13
Sweep #144
13
Sweep #145
13
Sweep #146
13
Sweep #147
13
Sweep #148
13
Sweep #149
13
Sweep #150
13
Sweep #151
13
Sweep #152
12
Sweep #153
12
Sweep #154
12
Sweep #155
12
Sweep #156
12
Sweep #157
12
Sweep #158
12
Sweep #159
12
Sweep #160
12
Sweep #161
12
Sweep #162
12
Sweep #163
12
Sweep #164
12
Sweep #165
12
Sweep #166
12
Sweep #167
12
Sweep #168
12
Sweep #169
12
Sweep #170
12
Sweep #171
12
Sweep #172
12
Sweep #173
12
Sweep #174
12
Sweep #175
12
Sweep #176
12
Sweep #177
12
Sweep #178
12
Sweep #179
12
Sweep #180
12
Sweep #181
14
Sweep #182
13
Sweep #183
13
Sweep #184
12
Sweep #185
12
Sweep #186
13
Sweep #187
13
Sweep #188
12
Sweep #189
12
Sweep #190
11
Sweep #191
11
Sweep #192
11
Sweep #193
11
Sweep #194
11
Sweep #195
11
Sweep #196
11
Sweep #197
11
Sweep #198
11
Sweep #199
12
Sweep #200
12
Sweep #201
11
Sweep #202
12
Sweep #203
11
Sweep #204
11
Sweep #205
11
Sweep #206
11
Sweep #207
11
Sweep #208
11
Sweep #209
11
Sweep #210
11
Sweep #211
11
Sweep #212
11
Sweep #213
11
Sweep #214
11
Sweep #215
11
Sweep #216
11
Sweep #217
11
Sweep #218
11
Sweep #219
11
Sweep #220
11
Sweep #221
12
Sweep #222
11
Sweep #223
11
Sweep #224
11
Sweep #225
11
Sweep #226
11
Sweep #227
11
Sweep #228
11
Sweep #229
11
Sweep #230
11
Sweep #231
11
Sweep #232
11
Sweep #233
11
Sweep #234
11
Sweep #235
11
Sweep #236
11
Sweep #237
11
Sweep #238
12
Sweep #239
12
Sweep #240
12
Sweep #241
11
Sweep #242
11
Sweep #243
11
Sweep #244
11
Sweep #245
11
Sweep #246
11
Sweep #247
11
Sweep #248
11
Sweep #249
11
Sweep #250
11
Sweep #251
11
Sweep #252
11
Sweep #253
11
Sweep #254
11
Sweep #255
11
Sweep #256
11
Sweep #257
11
Sweep #258
11
Sweep #259
11
Sweep #260
11
Sweep #261
12
Sweep #262
11
Sweep #263
11
Sweep #264
11
Sweep #265
11
Sweep #266
11
Sweep #267
11
Sweep #268
11
Sweep #269
11
Sweep #270
11
Sweep #271
11
Sweep #272
11
Sweep #273
11
Sweep #274
11
Sweep #275
11
Sweep #276
11
Sweep #277
11
Sweep #278
11
Sweep #279
11
Sweep #280
12
Sweep #281
12
Sweep #282
12
Sweep #283
12
Sweep #284
12
Sweep #285
12
Sweep #286
12
Sweep #287
11
Sweep #288
11
Sweep #289
11
Sweep #290
11
Sweep #291
12
Sweep #292
11
Sweep #293
11
Sweep #294
11
Sweep #295
11
Sweep #296
11
Sweep #297
11
Sweep #298
12
Sweep #299
12
Sweep #300
11
Sweep #1
104
Sweep #2
104
Sweep #3
102
Sweep #4
102
Sweep #5
95
Sweep #6
88
Sweep #7
81
Sweep #8
72
Sweep #9
64
Sweep #10
60
Sweep #11
56
Sweep #12
52
Sweep #13
50
Sweep #14
45
Sweep #15
41
Sweep #16
38
Sweep #17
36
Sweep #18
36
Sweep #19
33
Sweep #20
32
Sweep #21
32
Sweep #22
30
Sweep #23
27
Sweep #24
26
Sweep #25
27
Sweep #26
27
Sweep #27
27
Sweep #28
27
Sweep #29
26
Sweep #30
27
Sweep #31
26
Sweep #32
26
Sweep #33
26
Sweep #34
26
Sweep #35
26
Sweep #36
26
Sweep #37
26
Sweep #38
26
Sweep #39
26
Sweep #40
25
Sweep #41
24
Sweep #42
24
Sweep #43
24
Sweep #44
23
Sweep #45
23
Sweep #46
22
Sweep #47
22
Sweep #48
21
Sweep #49
20
Sweep #50
21
Sweep #51
21
Sweep #52
20
Sweep #53
20
Sweep #54
19
Sweep #55
18
Sweep #56
19
Sweep #57
17
Sweep #58
17
Sweep #59
17
Sweep #60
19
Sweep #61
17
Sweep #62
17
Sweep #63
16
Sweep #64
16
Sweep #65
16
Sweep #66
16
Sweep #67
16
Sweep #68
16
Sweep #69
16
Sweep #70
16
Sweep #71
16
Sweep #72
16
Sweep #73
16
Sweep #74
16
Sweep #75
16
Sweep #76
16
Sweep #77
16
Sweep #78
16
Sweep #79
15
Sweep #80
16
Sweep #81
14
Sweep #82
14
Sweep #83
14
Sweep #84
14
Sweep #85
14
Sweep #86
14
Sweep #87
14
Sweep #88
14
Sweep #89
14
Sweep #90
14
Sweep #91
14
Sweep #92
14
Sweep #93
14
Sweep #94
14
Sweep #95
14
Sweep #96
14
Sweep #97
14
Sweep #98
14
Sweep #99
14
Sweep #100
14
Sweep #101
14
Sweep #102
14
Sweep #103
14
Sweep #104
14
Sweep #105
14
Sweep #106
15
Sweep #107
15
Sweep #108
14
Sweep #109
14
Sweep #110
14
Sweep #111
14
Sweep #112
14
Sweep #113
14
Sweep #114
14
Sweep #115
14
Sweep #116
14
Sweep #117
14
Sweep #118
14
Sweep #119
14
Sweep #120
14
Sweep #121
14
Sweep #122
13
Sweep #123
13
Sweep #124
13
Sweep #125
13
Sweep #126
13
Sweep #127
13
Sweep #128
13
Sweep #129
13
Sweep #130
13
Sweep #131
13
Sweep #132
13
Sweep #133
13
Sweep #134
13
Sweep #135
13
Sweep #136
13
Sweep #137
13
Sweep #138
13
Sweep #139
13
Sweep #140
13
Sweep #141
13
Sweep #142
13
Sweep #143
13
Sweep #144
13
Sweep #145
13
Sweep #146
13
Sweep #147
13
Sweep #148
13
Sweep #149
13
Sweep #150
13
Sweep #151
13
Sweep #152
12
Sweep #153
12
Sweep #154
12
Sweep #155
12
Sweep #156
12
Sweep #157
12
Sweep #158
12
Sweep #159
12
Sweep #160
12
Sweep #161
12
Sweep #162
12
Sweep #163
12
Sweep #164
12
Sweep #165
12
Sweep #166
12
Sweep #167
12
Sweep #168
12
Sweep #169
12
Sweep #170
12
Sweep #171
12
Sweep #172
12
Sweep #173
12
Sweep #174
12
Sweep #175
12
Sweep #176
12
Sweep #177
12
Sweep #178
12
Sweep #179
12
Sweep #180
12
Sweep #181
14
Sweep #182
13
Sweep #183
13
Sweep #184
12
Sweep #185
12
Sweep #186
13
Sweep #187
13
Sweep #188
12
Sweep #189
12
Sweep #190
11
Sweep #191
11
Sweep #192
11
Sweep #193
11
Sweep #194
11
Sweep #195
11
Sweep #196
11
Sweep #197
11
Sweep #198
11
Sweep #199
12
Sweep #200
12
Sweep #201
11
Sweep #202
12
Sweep #203
11
Sweep #204
11
Sweep #205
11
Sweep #206
11
Sweep #207
11
Sweep #208
11
Sweep #209
11
Sweep #210
11
Sweep #211
11
Sweep #212
11
Sweep #213
11
Sweep #214
11
Sweep #215
11
Sweep #216
11
Sweep #217
11
Sweep #218
11
Sweep #219
11
Sweep #220
11
Sweep #221
12
Sweep #222
11
Sweep #223
11
Sweep #224
11
Sweep #225
11
Sweep #226
11
Sweep #227
11
Sweep #228
11
Sweep #229
11
Sweep #230
11
Sweep #231
11
Sweep #232
11
Sweep #233
11
Sweep #234
11
Sweep #235
11
Sweep #236
11
Sweep #237
11
Sweep #238
12
Sweep #239
12
Sweep #240
12
Sweep #241
11
Sweep #242
11
Sweep #243
11
Sweep #244
11
Sweep #245
11
Sweep #246
11
Sweep #247
11
Sweep #248
11
Sweep #249
11
Sweep #250
11
Sweep #251
11
Sweep #252
11
Sweep #253
11
Sweep #254
11
Sweep #255
11
Sweep #256
11
Sweep #257
11
Sweep #258
11
Sweep #259
11
Sweep #260
11
Sweep #261
12
Sweep #262
11
Sweep #263
11
Sweep #264
11
Sweep #265
11
Sweep #266
11
Sweep #267
11
Sweep #268
11
Sweep #269
11
Sweep #270
11
Sweep #271
11
Sweep #272
11
Sweep #273
11
Sweep #274
11
Sweep #275
11
Sweep #276
11
Sweep #277
11
Sweep #278
11
Sweep #279
11
Sweep #280
12
Sweep #281
12
Sweep #282
12
Sweep #283
12
Sweep #284
12
Sweep #285
12
Sweep #286
12
Sweep #287
11
Sweep #288
11
Sweep #289
11
Sweep #290
11
Sweep #291
12
Sweep #292
11
Sweep #293
11
Sweep #294
11
Sweep #295
11
Sweep #296
11
Sweep #297
11
Sweep #298
12
Sweep #299
12
Sweep #300
11
