Dirichlet Process Mixture Model.
Input: demo.dat
Number of iterations of Gibbs Sampler: 300
Burn-In: 0
Initial number of clusters: 100
Output: Size of clusters (cluster_sizes)

Sweep #1
           35
           26
           30
           25
           31
           15
           17
           24
           25
           18
           20
           23
           18
           21
           22
           25
           35
           26
           26
           25
           33
           16
           19
           23
           32
           26
           18
           35
           27
           28
           19
           16
           31
           15
           20
           17
           28
           19
           17
           26
           11
           23
           22
           29
           16
           17
           19
           18
           22
           31
            9
           30
           20
           26
           26
           26
           23
           12
           22
           18
           25
           24
           15
           24
           10
           13
           13
           37
           23
           16
           20
           25
           25
           36
           26
           21
           36
           20
           20
           18
           27
           18
           14
           19
           19
           25
           25
           23
           21
           30
           20
           17
           28
           17
           23
           12
           23
           16
           21
           35
         4364
         1911
            9
         1464

Sweep #2
           63
           31
           31
            7
           29
            4
           28
           24
           34
            6
           15
           25
           25
           22
           13
           18
           26
           26
            6
           19
           26
           28
           14
           36
           58
           17
           30
           29
           17
           27
           17
            4
           17
           10
           13
           26
           25
           21
            9
           23
            7
           54
           29
           52
           11
            6
            7
           20
           15
           27
            3
           18
            8
           13
           23
           30
           18
           14
           37
           15
           27
           35
           13
           30
            8
           15
           10
           29
           12
           15
           15
           29
           31
           29
           28
           20
           79
            5
           17
           19
           18
           27
           10
           15
           16
           15
           24
           30
           24
           26
           33
           30
           31
           20
           25
            2
           38
           19
           16
           22
         4229
         1758
           15
         1785

Sweep #3
           45
           44
           21
            5
           23
           10
           40
           52
           28
            3
            4
           19
           18
           18
           17
           23
           21
           40
            6
           36
           38
           44
            6
           27
           89
           17
           25
           49
           14
           22
           21
            8
           14
           18
           20
           17
           32
            8
           10
           25
            6
           75
           31
           48
           14
            7
            8
           11
            6
           18
           53
           24
            3
           14
           31
           32
           22
            5
           25
           27
           10
           43
            8
           31
            4
           14
           23
           37
           11
            7
            9
           29
           27
           20
           16
           19
           77
            5
           11
           22
           18
           22
           18
           14
            7
           11
           33
           27
           11
           30
           33
           30
           29
            9
           33
         1910
           33
           31
           19
           36
         4211
         1575

Sweep #4
           33
           68
           18
            1
           17
            1
           30
           78
           53
            3
            6
           17
           14
           13
           16
           23
           32
           54
            9
           33
           34
           73
           20
           23
          103
            3
           19
           50
           23
           17
           11
            5
           10
           12
           21
            9
           35
            2
            4
           19
            9
           87
           32
           57
           33
            8
            3
            6
            7
           19
          102
           21
            3
           13
           27
           33
           18
            6
           26
           28
            5
           29
            3
           29
            1
           16
           14
           37
           10
            5
            8
           19
           35
           21
           22
           24
           89
            3
            6
           19
           13
           18
           22
           19
           12
           12
           51
           70
            4
           20
           37
           23
           36
            6
           23
         1971
           57
           23
            3
           19
         4232
         1384

Sweep #5
           31
           66
           37
            2
           17
            1
           42
           90
           59
           67
            4
           24
            5
           13
           13
           41
           49
           62
            4
           39
           35
           84
           27
           23
          155
            8
           21
           64
           13
           18
            6
            5
            1
            5
           32
            7
           20
            5
         4212
           19
           17
           79
           52
           45
           30
            5
            5
         1873
            8
           18
          154
           11
           26
            7
           21
           25
           18
            5
           20
           24
            2
           27
            3
           29
            4
           27
           12
           81
           14
         1307
            5
           19
           47
           27
           24
           20
          106
            6
            5
           29
           14
            8
            8
           10
            3
           23
           48
           81
            5
           18
           37
           27
           25
            6
           24

Sweep #6
           29
           87
           36
            2
           15
            2
           46
           74
           55
           61
            6
            9
            1
            8
           10
           53
           44
           39
           17
           60
           28
           92
           36
           17
          225
            5
           17
          102
           13
            7
            7
           25
           15
            5
           32
            3
           14
           10
         4247
            6
           17
           78
           51
           39
           35
           29
            5
         1796
            6
           22
          167
           13
           14
           13
           39
           30
           34
            9
           26
           15
            2
           29
            6
           38
            7
           24
           11
           98
           15
         1210
            3
           22
           53
           31
           20
            4
          182
            8
           30
           35
            5
            8
           18
            1
            6
           27
           33
           76

Sweep #7
           14
           98
           46
           34
           14
            1
           38
           66
           36
           72
            4
            7
           36
            7
            6
           61
           44
           33
           22
           59
           39
          126
           19
            8
          278
            4
           32
          114
            4
            6
            6
            8
           13
            2
           25
           13
           20
           12
         4263
           13
           15
           99
           44
           32
           50
           28
            1
         1721
            2
           14
          232
           10
           19
           17
           59
           28
           22
            4
           51
            5
            1
           29
           73
           36
            1
           28
            8
          111
           16
         1119
            1
           24
           59
           21
            4
            1
          239
            2
           25
           45
            1

Sweep #8
            9
          118
           55
           13
           16
           28
           21
           73
           22
           85
           36
            1
           34
            6
            8
           74
           46
           21
           36
           50
           33
          136
           15
            4
          306
            1
           56
          102
            7
            2
            8
            2
           17
           18
           35
           15
           34
            3
         4152
           14
           19
          102
           49
           26
          142
           52
            1
         1672
            2
           24
          274
            5
           25
           16
           46
           17
           11
            1
           59
            4
           37
           25
           92
           44
           11
           34
            1
          139
           16
         1052
          262
           28

Sweep #9
            6
          107
           42
           28
            5
           15
           17
           85
           26
           87
           33
         1009
           25
            6
            2
           62
           50
           23
           51
           52
           24
          151
            7
          135
          322
            1
           60
           87
            3
           13
            3
            1
           18
           12
           47
           12
           19
            4
         4098
            7
           21
           96
           99
           19
          271
           54
          341
         1677
           29
           15
          245
            1
           23
           11
           40
            8
            9
           32
           62
            8
           36
           11
          101
           36

Sweep #10
            7
          104
           37
            7
            6
            6
           24
           53
           17
          105
           19
          984
           29
            8
            1
           80
           78
           23
           44
           59
           17
          162
            9
          141
          373
          123
           70
           94
            1
           14
            3
            1
           25
           10
           53
           11
            9
           51
         3899
            8
           22
           89
           73
           23
          476
           62
          378
         1574
           15
           22
          300
           35
           15
            7
           29
            2
            8
           38
           62
            5

Sweep #11
            2
          110
           54
            1
            7
            5
           39
           50
            7
          139
           18
          967
           24
           14
            1
           68
           71
           29
           36
           69
           15
          176
            8
          152
          357
          130
           71
           97
            9
            5
            2
           62
           26
           15
           56
            9
            5
           42
         3746
            2
           54
           61
           68
           11
          620
           72
          374
         1554
           10
           21
          357
           42
           13
            1
           18
           28

Sweep #12
            2
           83
           54
           18
            5
           20
           48
           54
           10
          106
           19
          969
           28
           17
           15
           65
           47
           19
           52
           66
            3
          188
            6
          200
          365
          146
           79
           81
            2
            4
            6
           96
           22
           44
           46
            9
            4
           29
         3534
            1
           54
           72
           75
           16
          791
           94
          370
         1510
            7
           13
          391
           45

Sweep #13
           43
           59
           39
            9
            2
           25
           47
           63
          376
          122
           19
          962
           35
           19
           11
           88
           45
            6
           71
           48
            2
          168
            1
          220
          429
          154
           92
           90
            2
            2
            3
           94
            6
           79
           53
            7
            2
           30
         3347
            1
           61
           55
           69
            9
          978
           90
          357
         1499
            2
            9

Sweep #14
           43
           70
           43
            7
          362
           30
           21
           71
          358
          113
            7
          953
           32
           17
            8
           69
           49
            5
           32
           20
            3
          185
            1
          213
          507
          179
          102
          111
           80
         1543
            2
           74
            4
          208
           41
            6
            1
           25
         3069
            7
           73
           53
           76
            2
         1125

Sweep #15
           34
           82
           38
            4
          364
           25
           22
           68
          343
           81
            5
          945
           33
           18
           14
           85
           54
            1
           17
           15
           42
          167
         1261
          185
          607
          211
          102
          135
          111
         1518
            3
           69
           82
          359
           23
            3
            1
           20
         2770
            4
           79

Sweep #16
           44
           92
           27
           20
          315
           14
           19
           44
          321
           83
            4
          939
           26
           12
           15
           93
           66
           96
           16
           18
           42
          177
         1358
          175
          642
          239
           98
          174
          105
         1516
            1
           66
           86
          531
           22
            2
         2501
            1

Sweep #17
           57
           93
           14
           12
          276
            7
           16
           48
          311
           80
            2
          928
           58
            4
            6
           85
           65
          125
           15
           14
           42
          179
         1448
          182
          682
          264
           84
          173
          104
         1540
         2216
           73
           59
          713
           24
            1

Sweep #18
           81
           95
           22
            9
          260
            2
           11
           30
          346
           80
            1
          930
           52
            1
            3
           89
           55
          164
           12
           24
           37
          207
         1502
          155
          733
          273
           92
          144
          107
         1494
         2000
           64
           63
          843
           18
            1

Sweep #19
          128
           77
           10
            8
          257
          972
            1
           23
          317
           68
           16
          933
           63
            3
            5
           74
           69
          194
            6
           16
           28
          187
         1538
          140
          833
          286
           91
          136
           97
         1461
         1822
           78
           63

Sweep #20
          132
           76
            2
            3
          265
         1026
           63
           15
          311
           44
           20
          920
           86
            2
            3
           73
           90
          212
           23
           14
           32
          210
         1573
          142
          888
          268
          105
          143
           82
         1398
         1716
           63

Sweep #21
          111
           53
            1
            1
          202
         1068
           54
           12
          321
           34
            8
          931
           62
            1
            2
           92
           67
          256
           15
           22
           23
          250
         1573
          161
          980
          277
          128
          133
           85
         1343
         1657
           77

Sweep #22
          102
           48
            1
            1
          240
         1135
           50
            8
          333
           31
            3
          938
           46
           50
         1585
           84
           69
          242
           15
           32
           20
          244
         1625
          193
          942
          276
          170
          148
           56
         1313

Sweep #23
           95
           31
           53
         1306
          235
         1149
           44
            1
          342
           33
          146
          939
           29
           34
         1559
           85
           62
          217
           18
           26
           23
          289
         1687
          205
          964
          271
          157

Sweep #24
           83
           39
           52
         1310
          227
         1178
           55
          161
          353
           26
          143
          953
           36
           24
         1508
          111
           37
          261
           24
           26
           17
          312
         1679
          188
          968
          229

Sweep #25
           90
           40
           54
         1315
          223
         1213
           62
          148
          374
           36
          123
          938
           28
           27
         1449
          112
           31
          235
           18
           33
           32
          322
         1691
          219
          942
          243
            2

Sweep #26
           82
           30
           46
         1241
          217
         1182
           60
          173
          459
           22
          108
          953
           17
           32
         1528
           85
           47
          246
           37
           35
           36
          337
         1702
          224
          839
          261
            1

Sweep #27
           70
           17
           55
         1276
          183
         1217
           47
          176
          467
           16
          103
          946
           17
           27
         1491
          118
           51
          221
           33
           33
           49
          388
         1725
          206
          824
          243
            1

Sweep #28
           67
           18
           51
         1252
          146
         1287
           37
          169
          463
            5
          104
          953
           23
           36
         1459
          122
           33
          243
           36
           47
           41
          380
         1703
          212
          853
          259
            1

Sweep #29
           88
           18
           39
         1239
          128
         1265
           21
          164
          443
            5
          103
          952
           44
           30
         1502
          147
           32
          240
           34
           34
           24
          349
         1681
          216
          934
          268

Sweep #30
           65
           28
           28
         1204
          165
         1282
           13
          163
          444
            5
          101
          948
           41
           24
         1490
          135
           36
          245
           24
           24
           19
          368
         1704
          239
          930
          274
            1

Sweep #31
           66
           29
           27
         1137
          138
         1344
           18
          135
          520
            6
           94
          950
           42
            9
         1425
          145
           34
          201
           37
           22
           26
          365
         1716
          208
          994
          312

Sweep #32
           62
           20
           38
         1085
          129
         1324
           38
          148
          543
           12
           89
          950
           36
           11
         1471
          144
           27
          179
           47
           25
           28
          332
         1731
          200
         1017
          314

Sweep #33
           78
           10
           33
         1062
          141
         1319
           43
          107
          562
            5
          110
          962
           56
           23
         1479
          162
           27
          185
           36
           35
           26
          245
         1731
          210
         1033
          320

Sweep #34
           65
            8
           14
         1128
          131
         1326
           41
          107
          543
            2
           84
          962
           62
           27
         1479
          180
           46
          167
           32
           33
           15
          275
         1754
          192
          990
          337

Sweep #35
           68
            8
           11
         1090
          137
         1343
           39
          126
          552
            1
           84
          962
           67
           16
         1509
          158
           44
          178
           47
           38
           21
          260
         1737
          189
          970
          345

Sweep #36
           85
           12
           11
         1106
          105
         1409
           46
           99
          524
          397
           49
          953
           54
           12
         1446
          143
           43
          169
           51
           18
           12
          244
         1752
          161
         1098
            1

Sweep #37
           91
           13
           12
         1090
           90
         1370
           41
           94
          502
          418
           45
          952
           70
           21
         1482
          132
           52
          208
           81
           10
            4
          273
         1691
          138
         1118
            2

Sweep #38
           89
           17
           12
         1101
          117
         1361
           33
           85
          476
          403
           36
          967
           56
           12
         1493
          173
           50
          209
           91
            5
            5
          286
         1693
          160
         1069
            1

Sweep #39
           95
           20
            4
         1076
          148
         1389
           43
           93
          510
          402
           33
          967
           50
           20
         1477
          146
           58
          219
           86
            2
            2
          277
         1681
          150
         1050
            2

Sweep #40
          104
           21
            2
         1053
          124
         1420
           40
          118
          528
          384
           28
          966
           45
           26
         1428
          151
           63
          261
           86
            2
            8
          274
         1619
          152
         1097

Sweep #41
          140
           17
         1090
         1056
           84
         1417
           36
          125
          538
          345
           31
          958
           55
           35
         1421
          169
           55
          272
          106
            3
           13
          328
         1573
          133

Sweep #42
          168
           37
         1089
         1056
           85
         1451
           45
          129
          528
          326
           27
          955
           59
           29
         1396
          180
           33
          244
          139
            2
           15
          320
         1572
          115

Sweep #43
          177
           31
          950
         1095
           67
         1466
           41
          176
          560
          326
           41
          963
           45
           30
         1363
          177
            4
          244
          184
            1
           16
          348
         1563
          132

Sweep #44
          146
           12
          939
         1126
           75
         1474
           55
          160
          567
          361
           24
          979
           50
           18
         1364
          152
            3
          300
          175
          137
           30
          306
         1547

Sweep #45
          132
           17
          923
         1102
           60
         1514
           41
          207
          583
          352
           38
          961
           42
            5
         1353
          117
            4
          322
          187
          134
           23
          321
         1562

Sweep #46
          140
           21
          914
         1088
           65
         1527
           36
          204
          571
          384
           22
          969
           16
            4
         1334
          110
         1560
          322
          201
          164
           16
          332

Sweep #47
          122
           12
          976
         1084
           72
         1570
           45
          198
          541
          343
           46
          977
           10
            1
         1288
          128
         1593
          298
          182
          152
           17
          345

Sweep #48
           97
           27
          999
         1096
           43
         1515
           20
          221
          539
          367
           35
          968
            1
          387
         1351
          110
         1615
          310
          165
          125
            9

Sweep #49
           92
           32
         1025
         1155
           51
         1589
            4
          206
          494
          374
           19
          968
            6
          413
         1263
          133
         1606
          326
          152
           92

Sweep #50
           53
           23
          942
         1197
           60
         1610
            3
          224
          491
          404
           35
          974
           10
          389
         1245
          122
         1569
          384
          145
          119
            1

Sweep #51
           47
           11
          908
         1199
           53
         1534
            7
          180
          566
          402
           22
          968
            3
          433
         1310
          139
         1602
          365
          146
          104
            1

Sweep #52
           22
           14
          874
         1119
           37
         1581
           11
          238
          596
          424
           23
          963
            3
          458
         1298
          111
         1605
          378
          142
          103

Sweep #53
           23
           12
          858
         1126
           40
         1588
           14
          234
          587
          403
           11
          968
          107
          496
         1293
           95
         1605
          372
          167
            1

Sweep #54
           17
            1
          875
         1133
           30
         1595
           15
          258
          580
          386
            2
          971
          117
          521
         1295
           64
         1590
          396
          154

Sweep #55
           10
            2
          842
         1134
           28
         1582
           23
          244
          573
          400
          206
          982
          117
          504
         1298
           56
         1557
          442

Sweep #56
            9
            1
          840
         1083
           24
         1573
           21
          254
          539
          422
          167
          990
          151
          536
         1343
           51
         1553
          441
            2

Sweep #57
            8
          458
          829
         1093
           16
         1602
           28
          290
          530
          453
          158
          991
          146
          502
         1308
           55
         1533

Sweep #58
            7
          455
          831
         1094
            6
         1637
           30
          277
          536
          474
          159
          989
          143
          516
         1273
           56
         1517

Sweep #59
            8
          420
          771
         1055
            6
         1633
           26
          264
          615
          480
          168
          984
          138
          543
         1278
           45
         1566

Sweep #60
            2
          403
          806
         1103
            7
         1628
           26
          251
          589
          498
          181
          973
          121
          501
         1275
           48
         1585
            2
            1

Sweep #61
         1582
          401
          812
         1101
            1
         1613
           22
          248
          557
          529
          205
          989
          113
          464
         1308
           53
            2

Sweep #62
         1577
          407
          815
         1092
            1
         1614
            8
          250
          563
          577
          228
          986
           77
          420
         1332
           52
            1

Sweep #63
         1590
          406
          874
         1118
            1
         1622
            7
          226
          543
          590
          209
          981
           71
          383
         1328
           51

Sweep #64
         1578
          410
          864
         1081
           48
         1651
           17
          193
          583
          599
          223
          990
           95
          367
         1300
            1

Sweep #65
         1571
          421
          860
         1106
           43
         1707
           24
          158
          544
          566
          229
          991
          127
          416
         1235
            2

Sweep #66
         1595
          411
          929
         1074
           40
         1720
           28
          175
          543
          588
          195
          987
          124
          351
         1237
            3

Sweep #67
         1609
          408
          962
         1037
           49
         1725
           34
          134
          574
          567
          214
         1000
           99
          379
         1204
            5

Sweep #68
         1570
          456
          943
         1064
           52
         1733
           34
          137
          524
          547
          250
         1004
          102
          377
         1204
            3

Sweep #69
         1526
          499
          888
         1075
           43
         1731
           42
          123
          498
          569
          288
         1001
          156
          348
         1210
            3

Sweep #70
         1495
          532
          837
         1041
           34
         1726
           32
          119
          541
          587
          317
         1007
          156
          353
         1218
            5

Sweep #71
         1557
          483
          800
         1001
           29
         1739
           39
          106
          570
          584
          318
         1003
          186
          376
         1205
            4

Sweep #72
         1545
          484
          799
         1022
           47
         1758
           29
          108
          568
          585
          320
         1004
          216
          359
         1149
            7

Sweep #73
         1528
          506
          787
         1019
           55
         1761
           43
           98
          540
          623
          350
          992
          233
          310
         1151
            4

Sweep #74
         1547
          488
          885
          981
           62
         1773
           27
           85
          570
          599
          355
         1010
          208
          285
         1122
            3

Sweep #75
         1577
          455
          876
          950
           77
         1756
           18
           95
          593
          598
          379
          998
          189
          280
         1158
            1

Sweep #76
         1547
          483
          874
          998
           98
         1750
           13
           86
          579
          618
          341
         1005
          188
          279
         1139
            2

Sweep #77
         1520
          510
          909
         1044
          112
         1746
           13
           89
          498
          590
          325
          998
          213
          289
         1143
            1

Sweep #78
         1515
          515
          923
         1053
          115
         1790
            6
           86
          499
          594
          323
         1003
          195
          267
         1115
            1

Sweep #79
         1486
          540
          963
         1061
          124
         1756
            5
          101
          506
          589
          303
         1008
          162
          271
         1125

Sweep #80
         1502
          536
          936
         1104
          137
         1741
            1
          105
          457
          560
          340
         1002
          197
          256
         1125
            1

Sweep #81
         1458
          563
          917
         1125
          133
         1758
         1123
          104
          506
          588
          297
          995
          147
          286

Sweep #82
         1472
          535
          975
         1111
          133
         1760
         1109
          125
          518
          608
          313
          999
           97
          245

Sweep #83
         1489
          507
          911
         1112
          172
         1688
         1156
          113
          550
          650
          304
          996
          130
          222

Sweep #84
         1434
          557
          884
         1076
          194
         1679
         1138
          138
          550
          644
          309
          987
          176
          234

Sweep #85
         1458
          547
          911
         1010
          210
         1639
         1159
          129
          576
          642
          320
          978
          196
          225

Sweep #86
         1434
          576
          914
         1009
          190
         1627
         1163
          108
          636
          664
          299
          981
          166
          233

Sweep #87
         1428
          579
          991
          985
          205
         1665
         1124
           96
          644
          662
          263
          970
          179
          209

Sweep #88
         1422
          578
         1010
          946
          212
         1715
         1056
           97
          631
          648
          289
          989
          192
          215

Sweep #89
         1414
          579
         1011
          947
          222
         1725
         1047
          108
          602
          665
          287
          985
          182
          226

Sweep #90
         1399
          607
         1112
          876
          227
         1714
         1072
          146
          614
          691
          207
          981
          159
          195

Sweep #91
         1362
          647
         1105
          893
          242
         1664
         1107
          162
          611
          690
          202
          985
          137
          193

Sweep #92
         1370
          641
         1091
          899
          241
         1690
         1063
          163
          624
          723
          186
          981
          150
          178

Sweep #93
         1323
          681
         1101
          893
          262
         1663
         1081
          179
          605
          718
          186
          973
          149
          186

Sweep #94
         1318
          688
         1057
          871
          245
         1683
         1049
          214
          653
          683
          186
          970
          149
          234

Sweep #95
         1302
          689
         1114
          958
          280
         1670
         1017
          212
          547
          697
          201
          969
          141
          203

Sweep #96
         1278
          718
         1094
          979
          281
         1646
         1051
          161
          584
          690
          238
          969
          105
          206

Sweep #97
         1281
          697
         1021
          975
          286
         1664
         1040
          176
          624
          719
          235
          985
           82
          215

Sweep #98
         1324
          676
         1033
          924
          244
         1656
         1082
          175
          689
          667
          238
          989
           67
          236

Sweep #99
         1312
          686
         1094
          980
          213
         1698
         1073
          131
          624
          670
          220
          991
           89
          219

Sweep #100
         1321
          687
         1094
          950
          193
         1674
         1133
          115
          653
          684
          173
          989
           98
          236

Sweep #101
         1336
          692
         1106
          973
          182
         1702
         1144
          105
          624
          635
          173
          998
           93
          237

Sweep #102
         1294
          749
         1034
          971
          171
         1723
         1129
           90
          644
          678
          192
         1007
          103
          215

Sweep #103
         1313
          717
         1058
          951
          167
         1751
         1114
           69
          677
          673
          194
         1000
          106
          210

Sweep #104
         1341
          674
         1060
          971
          130
         1787
         1115
           73
          664
          670
          197
          999
          121
          198

Sweep #105
         1339
          683
         1096
          954
           91
         1780
         1169
           56
          652
          658
          207
         1002
          122
          191

Sweep #106
         1320
          711
         1125
          912
          111
         1749
         1179
           57
          658
          665
          185
         1006
          148
          173
            1

Sweep #107
         1302
          709
         1099
          961
          106
         1802
         1123
           53
          662
          680
          181
         1000
          133
          188
            1

Sweep #108
         1316
          693
         1110
         1015
          127
         1771
         1142
           37
          659
          702
          143
          985
          129
          171

Sweep #109
         1294
          711
         1130
         1043
          100
         1765
         1166
           29
          647
          701
          147
          990
          102
          175

Sweep #110
         1306
          702
         1140
         1028
           74
         1780
         1155
           35
          632
          719
          119
          993
          115
          202

Sweep #111
         1304
          702
         1092
         1006
           95
         1786
         1131
           36
          664
          697
          116
          990
          134
          247

Sweep #112
         1313
          698
         1108
         1018
           98
         1793
         1103
           43
          640
          690
          105
          984
          169
          238

Sweep #113
         1279
          726
         1109
          981
           86
         1802
         1099
           34
          677
          693
          122
          990
          179
          223

Sweep #114
         1270
          735
         1091
          989
           91
         1798
         1100
           19
          696
          669
          125
         1008
          168
          241

Sweep #115
         1298
          706
         1096
          966
           99
         1775
         1122
           20
          693
          674
          122
         1018
          159
          252

Sweep #116
         1302
          691
         1047
         1000
           93
         1781
         1148
           11
          704
          666
          127
         1019
          147
          264

Sweep #117
         1376
          636
         1054
          975
           84
         1770
         1170
           11
          701
          649
          129
         1015
          168
          262

Sweep #118
         1367
          643
         1101
          922
          101
         1783
         1136
            3
          716
          585
          103
         1016
          207
          317

Sweep #119
         1394
          629
         1150
          973
           83
         1816
         1117
            9
          645
          553
          128
         1007
          201
          295

Sweep #120
         1363
          666
         1209
          975
           75
         1832
         1114
            5
          584
          523
          114
         1007
          217
          316

Sweep #121
         1351
          673
         1253
          968
           66
         1829
         1123
            1
          642
          510
          105
         1009
          171
          299

Sweep #122
         1374
          642
         1265
          949
           66
         1823
         1134
          307
          644
          523
           98
         1004
          171

Sweep #123
         1345
          647
         1279
          940
           51
         1850
         1113
          273
          652
          558
          106
         1004
          182

Sweep #124
         1313
          698
         1229
          945
           63
         1831
         1118
          269
          658
          561
          131
         1001
          183

Sweep #125
         1320
          679
         1239
          908
           53
         1828
         1138
          273
          683
          551
          129
          997
          202

Sweep #126
         1334
          671
         1188
          876
           54
         1846
         1121
          307
          720
          524
          134
         1018
          207

Sweep #127
         1327
          690
         1176
          910
           49
         1852
         1106
          359
          723
          518
          104
         1012
          174

Sweep #128
         1339
          685
         1183
          853
           74
         1855
         1086
          370
          784
          506
           73
         1021
          171

Sweep #129
         1337
          669
         1236
          833
           55
         1826
         1150
          376
          784
          504
           66
         1011
          153

Sweep #130
         1295
          697
         1199
          861
           56
         1847
         1124
          364
          794
          530
           91
         1012
          130

Sweep #131
         1309
          701
         1180
          832
           65
         1841
         1121
          349
          850
          523
           71
         1017
          141

Sweep #132
         1258
          755
         1186
          796
           71
         1827
         1152
          310
          873
          537
           63
         1018
          154

Sweep #133
         1248
          752
         1205
          783
           73
         1845
         1113
          320
          934
          540
           45
         1010
          132

Sweep #134
         1251
          741
         1199
          819
           66
         1862
         1087
          308
          924
          553
           64
         1012
          114

Sweep #135
         1266
          739
         1184
          857
           76
         1847
         1098
          322
          929
          519
           62
         1003
           98

Sweep #136
         1241
          760
         1196
          812
           85
         1852
         1094
          321
          986
          520
           44
          995
           94

Sweep #137
         1246
          758
         1235
          814
           88
         1873
         1083
          304
          956
          500
           43
          990
          110

Sweep #138
         1209
          799
         1213
          813
           93
         1866
         1103
          310
          929
          512
           37
          991
          125

Sweep #139
         1205
          793
         1241
          833
          101
         1870
         1059
          267
          884
          535
           36
          991
          185

Sweep #140
         1220
          786
         1206
          843
          115
         1845
         1070
          250
          946
          526
           37
          990
          166

Sweep #141
         1185
          822
         1180
          874
          113
         1874
         1042
          287
          909
          531
           33
          981
          169

Sweep #142
         1174
          843
         1218
          884
          127
         1835
         1083
          303
          883
          478
           36
          988
          148

Sweep #143
         1160
          848
         1241
          851
          113
         1841
         1096
          311
          942
          467
           36
          995
           99

Sweep #144
         1126
          893
         1218
          884
          140
         1824
         1088
          320
          909
          457
           28
          996
          117

Sweep #145
         1119
          889
         1209
          899
          159
         1811
         1087
          329
          895
          476
           16
          992
          119

Sweep #146
         1100
          910
         1238
          862
          141
         1825
         1111
          321
          866
          466
           17
          998
          145

Sweep #147
         1102
          913
         1208
          795
          153
         1820
         1101
          345
          897
          470
           19
         1002
          175

Sweep #148
         1054
          951
         1275
          835
          159
         1840
         1069
          300
          889
          460
           32
          999
          137

Sweep #149
         1043
          957
         1301
          796
          146
         1838
         1085
          295
          873
          474
           29
         1006
          157

Sweep #150
         1107
          919
         1271
          840
          157
         1834
         1081
          291
          869
          458
           13
         1005
          155

Sweep #151
         1119
          900
         1285
          828
          134
         1855
         1069
          261
          868
          489
            8
         1026
          158

Sweep #152
         1121
          883
         1309
          836
          112
         1861
         1102
          222
          828
          528
          173
         1025

Sweep #153
         1159
          855
         1327
          867
          123
         1812
         1127
          217
          827
          525
          138
         1023

Sweep #154
         1183
          827
         1342
          913
          119
         1818
         1109
          224
          814
          531
           97
         1023

Sweep #155
         1152
          860
         1277
          907
          136
         1810
         1114
          265
          861
          491
           97
         1030

Sweep #156
         1159
          840
         1226
          903
          125
         1803
         1122
          324
          899
          481
          104
         1014

Sweep #157
         1151
          838
         1271
          900
          112
         1802
         1145
          323
          872
          491
           83
         1012

Sweep #158
         1107
          883
         1269
          873
          101
         1809
         1137
          347
          932
          470
           61
         1011

Sweep #159
         1074
          925
         1253
          853
          104
         1797
         1133
          339
          988
          456
           67
         1011

Sweep #160
         1088
          898
         1280
          854
          128
         1766
         1152
          317
          997
          462
           52
         1006

Sweep #161
         1098
          898
         1252
          846
          113
         1798
         1143
          319
         1003
          467
           52
         1011

Sweep #162
         1079
          920
         1280
          764
          110
         1796
         1149
          318
         1038
          474
           57
         1015

Sweep #163
         1102
          904
         1302
          762
          112
         1825
         1126
          288
         1045
          488
           42
         1004

Sweep #164
         1110
          890
         1328
          729
          103
         1852
         1111
          268
         1052
          504
           36
         1017

Sweep #165
         1134
          868
         1292
          709
           95
         1869
         1081
          251
         1090
          574
           19
         1018

Sweep #166
         1120
          870
         1320
          698
           73
         1903
         1054
          222
         1108
          605
           16
         1011

Sweep #167
         1138
          854
         1263
          729
           68
         1903
         1062
          228
         1094
          628
           17
         1016

Sweep #168
         1233
          768
         1252
          701
           79
         1843
         1098
          216
         1164
          610
           17
         1019

Sweep #169
         1256
          732
         1245
          700
          111
         1808
         1100
          264
         1158
          586
           20
         1020

Sweep #170
         1198
          794
         1241
          698
          109
         1812
         1080
          268
         1176
          579
           28
         1017

Sweep #171
         1175
          830
         1220
          719
          116
         1801
         1081
          257
         1196
          570
           27
         1008

Sweep #172
         1133
          861
         1222
          724
          176
         1742
         1085
          250
         1204
          578
           19
         1006

Sweep #173
         1105
          897
         1219
          721
          220
         1686
         1109
          269
         1188
          570
           11
         1005

Sweep #174
         1101
          898
         1233
          744
          261
         1639
         1132
          285
         1140
          545
           12
         1010

Sweep #175
         1095
          890
         1192
          762
          250
         1662
         1086
          292
         1160
          586
           17
         1008

Sweep #176
         1083
          897
         1173
          737
          262
         1676
         1067
          262
         1177
          638
           19
         1009

Sweep #177
         1070
          925
         1161
          732
          252
         1672
         1067
          283
         1171
          634
           23
         1010

Sweep #178
         1110
          886
         1123
          742
          253
         1673
         1090
          312
         1161
          635
            8
         1007

Sweep #179
         1060
          942
         1162
          754
          252
         1708
         1067
          329
         1093
          610
            7
         1016

Sweep #180
         1075
          919
         1173
          772
          259
         1713
         1071
          275
         1068
          645
           13
         1017

Sweep #181
         1024
          961
         1143
          774
          248
         1712
         1096
          292
         1084
          632
           10
         1018
            5
            1

Sweep #182
         1038
          952
         1163
          752
          233
         1726
         1070
          296
         1078
          649
           20
         1019
            4

Sweep #183
         1042
          948
         1170
          753
          231
         1728
         1061
          302
         1078
          645
           21
         1017
            4

Sweep #184
         1086
          910
         1134
          767
          239
         1762
         1013
          315
         1078
          672
           11
         1013

Sweep #185
         1060
          940
         1145
          771
          260
         1718
         1026
          294
         1085
          680
           14
         1007

Sweep #186
         1075
          942
         1189
          825
          268
         1712
         1031
          293
         1018
          623
            5
         1017
            2

Sweep #187
         1091
          935
         1190
          800
          302
         1680
         1024
          280
         1064
          627
            2
         1002
            3

Sweep #188
         1033
          990
         1266
          824
          300
         1662
         1052
          250
         1025
          599
            2
          997

Sweep #189
         1042
          965
         1239
          808
          307
         1658
         1053
          221
         1065
          649
            1
          992

Sweep #190
         1086
          925
         1213
          803
          301
         1656
         1060
          220
         1067
          666
         1003

Sweep #191
         1066
          949
         1263
          819
          297
         1651
         1088
          216
         1040
          621
          990

Sweep #192
         1065
          945
         1203
          801
          330
         1616
         1077
          225
         1075
          664
          999

Sweep #193
         1068
          942
         1195
          848
          321
         1640
         1057
          262
         1037
          641
          989

Sweep #194
         1018
          989
         1262
          831
          288
         1688
         1040
          245
          999
          636
         1004

Sweep #195
          981
         1028
         1248
          836
          255
         1739
         1020
          260
         1009
          625
          999

Sweep #196
          978
         1038
         1299
          816
          229
         1774
          998
          234
         1011
          614
         1009

Sweep #197
         1031
          983
         1289
          849
          212
         1801
          991
          198
         1013
          634
          999

Sweep #198
         1046
          971
         1229
          841
          235
         1767
          993
          214
         1043
          654
         1007

Sweep #199
         1076
          947
         1243
          808
          227
         1790
          974
          235
         1049
          636
         1014
            1

Sweep #200
         1057
          972
         1197
          786
          242
         1752
         1009
          241
         1077
          661
         1005
            1

Sweep #201
         1023
         1011
         1128
          809
          241
         1766
          983
          253
         1115
          664
         1007

Sweep #202
         1016
         1005
         1129
          839
          213
         1776
         1000
          221
         1100
          688
         1012
            1

Sweep #203
          999
         1017
         1097
          857
          248
         1771
          983
          217
         1081
          718
         1012

Sweep #204
         1000
         1021
         1106
          850
          263
         1761
          980
          202
         1089
          714
         1014

Sweep #205
         1001
         1002
         1088
          851
          232
         1780
          985
          238
         1120
          697
         1006

Sweep #206
         1048
          959
         1067
          873
          248
         1780
          969
          284
         1108
          666
          998

Sweep #207
         1036
          975
         1079
          912
          259
         1737
         1010
          271
         1048
          663
         1010

Sweep #208
         1039
          971
         1076
          880
          286
         1724
          991
          290
         1099
          641
         1003

Sweep #209
         1058
          963
         1104
          917
          323
         1700
          967
          280
         1063
          612
         1013

Sweep #210
         1038
          979
         1140
          935
          349
         1657
          992
          214
         1035
          656
         1005

Sweep #211
         1063
          952
         1172
          952
          313
         1678
         1014
          209
          993
          648
         1006

Sweep #212
         1059
          951
         1121
          959
          318
         1643
         1045
          209
         1032
          656
         1007

Sweep #213
         1041
          976
         1094
          972
          303
         1626
         1069
          240
         1032
          641
         1006

Sweep #214
         1028
          981
         1132
          935
          314
         1630
         1085
          266
         1011
          612
         1006

Sweep #215
         1045
          959
         1173
          934
          312
         1646
         1076
          248
          987
          617
         1003

Sweep #216
         1049
          964
         1173
          934
          365
         1593
         1084
          206
          978
          650
         1004

Sweep #217
         1024
          983
         1226
          915
          379
         1562
         1099
          198
          954
          644
         1016

Sweep #218
         1036
          982
         1219
          912
          376
         1564
         1097
          177
          986
          649
         1002

Sweep #219
         1050
          970
         1253
          910
          389
         1568
         1061
          196
          969
          629
         1005

Sweep #220
         1096
          927
         1275
          932
          340
         1578
         1116
          186
          913
          635
         1002

Sweep #221
         1018
         1018
         1297
          919
          356
         1573
         1095
          149
          906
          656
         1011
            2

Sweep #222
         1027
         1004
         1303
          985
          350
         1580
         1065
          140
          879
          656
         1011

Sweep #223
         1006
         1029
         1260
         1015
          321
         1575
         1084
          133
          891
          686
         1000

Sweep #224
         1020
         1016
         1188
         1077
          408
         1477
         1091
          153
          874
          692
         1004

Sweep #225
          961
         1057
         1196
         1104
          458
         1437
         1095
          163
          827
          705
          997

Sweep #226
          895
         1135
         1188
         1131
          385
         1475
         1119
          141
          840
          694
          997

Sweep #227
          811
         1207
         1184
         1124
          443
         1457
         1078
          156
          828
          709
         1003

Sweep #228
          861
         1165
         1214
         1080
          460
         1442
         1082
          140
          873
          689
          994

Sweep #229
          898
         1121
         1165
         1080
          445
         1457
         1091
          131
          892
          739
          981

Sweep #230
          882
         1141
         1128
         1088
          372
         1490
         1099
          111
          904
          787
          998

Sweep #231
          920
         1089
         1070
         1124
          400
         1479
         1099
          135
          889
          786
         1009

Sweep #232
          898
         1119
         1119
         1112
          419
         1468
         1080
          143
          858
          775
         1009

Sweep #233
          973
         1049
         1109
         1119
          416
         1518
         1030
          106
          866
          811
         1003

Sweep #234
          990
         1026
         1094
         1099
          406
         1533
         1033
          117
          912
          789
         1001

Sweep #235
         1010
         1006
         1085
         1143
          414
         1505
         1044
          106
          916
          783
          988

Sweep #236
         1089
          939
         1066
         1127
          489
         1450
         1016
          127
          932
          764
         1001

Sweep #237
         1102
          927
         1079
         1128
          450
         1473
         1027
          113
          904
          787
         1010

Sweep #238
         1118
          907
         1112
         1062
          444
         1507
         1000
           88
          981
          785
          994
            2

Sweep #239
         1140
          892
         1075
         1086
          432
         1520
         1020
          114
          953
          777
          990
            1

Sweep #240
         1137
          890
         1042
         1063
          470
         1515
         1005
          125
          979
          771
          999
            4

Sweep #241
         1162
          852
         1002
         1084
          472
         1501
         1022
          139
         1003
          767
          996

Sweep #242
         1127
          888
          960
         1036
          493
         1466
         1065
          145
         1035
          795
          990

Sweep #243
         1115
          907
          981
          994
          512
         1425
         1084
          168
         1063
          757
          994

Sweep #244
         1149
          872
          984
          912
          521
         1430
         1070
          184
         1136
          733
         1009

Sweep #245
         1115
          912
          962
          934
          492
         1487
         1025
          186
         1154
          728
         1005

Sweep #246
         1052
          974
          930
          946
          480
         1531
          986
          163
         1185
          752
         1001

Sweep #247
         1078
          958
          934
          958
          484
         1518
          991
          134
         1169
          779
          997

Sweep #248
         1089
          950
          894
          977
          430
         1595
          986
          126
         1149
          795
         1009

Sweep #249
         1117
          919
          897
          947
          408
         1604
          986
          113
         1209
          795
         1005

Sweep #250
         1074
          952
          881
          975
          400
         1605
         1007
          118
         1161
          827
         1000

Sweep #251
         1063
          963
          883
          985
          402
         1617
         1001
          104
         1161
          816
         1005

Sweep #252
         1090
          923
          905
          958
          403
         1606
         1003
          108
         1179
          811
         1014

Sweep #253
         1111
          901
          939
          997
          379
         1629
          989
          123
         1134
          794
         1004

Sweep #254
         1088
          918
          945
          948
          400
         1627
          971
          170
         1169
          751
         1013

Sweep #255
         1051
          964
          953
          932
          397
         1652
          971
          160
         1186
          733
         1001

Sweep #256
         1031
          994
          948
          928
          375
         1662
          981
          160
         1182
          739
         1000

Sweep #257
         1035
          995
          936
          930
          354
         1677
          967
          172
         1196
          732
         1006

Sweep #258
         1012
         1007
          853
          899
          372
         1668
          971
          189
         1261
          763
         1005

Sweep #259
         1025
          993
          837
          882
          402
         1648
          956
          185
         1307
          762
         1003

Sweep #260
         1043
          979
          845
          884
          384
         1662
          951
          179
         1308
          762
         1003

Sweep #261
         1046
          961
          834
          872
          392
         1691
          918
          158
         1328
          792
         1007
            1

Sweep #262
         1030
          983
          850
          839
          319
         1737
          947
          148
         1351
          784
         1012

Sweep #263
         1015
          998
          878
          829
          286
         1770
          960
          127
         1370
          754
         1013

Sweep #264
          991
         1024
          916
          875
          259
         1810
          944
          125
         1320
          730
         1006

Sweep #265
         1007
         1015
          915
          887
          266
         1791
          959
          126
         1325
          706
         1003

Sweep #266
         1063
          971
          880
          913
          263
         1796
          943
          145
         1325
          707
          994

Sweep #267
         1041
          986
          884
          888
          273
         1784
          956
          135
         1333
          722
          998

Sweep #268
         1077
          953
          864
          883
          275
         1765
          956
          118
         1367
          743
          999

Sweep #269
         1099
          929
          891
          872
          295
         1728
          968
           91
         1383
          733
         1011

Sweep #270
         1117
          905
          907
          869
          325
         1686
          990
           89
         1374
          733
         1005

Sweep #271
         1098
          911
          898
          890
          307
         1703
          985
           72
         1391
          746
          999

Sweep #272
         1079
          920
          889
          893
          341
         1658
          992
           69
         1360
          790
         1009

Sweep #273
         1042
          956
          852
          904
          327
         1694
          984
           66
         1360
          804
         1011

Sweep #274
         1088
          928
          877
          919
          390
         1653
          965
           64
         1316
          790
         1010

Sweep #275
         1060
          945
          904
          918
          382
         1653
          981
           36
         1304
          818
          999

Sweep #276
         1000
         1009
          888
          924
          402
         1636
          991
           24
         1298
          825
         1003

Sweep #277
          993
         1020
          930
          919
          437
         1619
          980
           20
         1274
          803
         1005

Sweep #278
          953
         1056
          883
          862
          456
         1605
          960
           14
         1344
          853
         1014

Sweep #279
          991
         1012
          901
          878
          468
         1582
          962
           23
         1331
          842
         1010

Sweep #280
          998
         1022
          944
          939
          481
         1569
          955
           23
         1248
          816
         1004
            1

Sweep #281
         1022
          996
          924
          910
          468
         1583
          954
           24
         1274
          834
         1004
            7

Sweep #282
         1016
          989
          918
          884
          505
         1561
          938
           19
         1309
          844
         1014
            3

Sweep #283
         1033
          983
          942
          875
          507
         1530
          951
           30
         1338
          801
         1005
            5

Sweep #284
         1059
          953
         1011
          863
          512
         1514
          968
           42
         1289
          781
         1007
            1

Sweep #285
         1031
          971
         1013
          871
          470
         1578
          962
           31
         1259
          809
         1004
            1

Sweep #286
         1056
          956
         1013
          868
          461
         1608
          926
           18
         1292
          793
         1008
            1

Sweep #287
         1078
          928
         1037
          841
          432
         1608
          958
           18
         1320
          775
         1005

Sweep #288
         1088
          919
         1015
          800
          433
         1634
          933
            9
         1389
          779
         1001

Sweep #289
         1062
          940
         1049
          785
          421
         1635
          964
           11
         1343
          785
         1005

Sweep #290
         1087
          920
         1071
          779
          419
         1629
          960
           16
         1344
          771
         1004

Sweep #291
         1069
          924
         1072
          790
          417
         1591
          989
           13
         1347
          784
         1003
            1

Sweep #292
         1010
          977
         1077
          847
          418
         1609
          979
           10
         1295
          778
         1000

Sweep #293
          979
         1022
         1062
          859
          441
         1563
          981
           22
         1306
          763
         1002

Sweep #294
         1001
          994
         1077
          878
          486
         1535
          976
           23
         1290
          742
          998

Sweep #295
          942
         1053
         1064
          856
          448
         1584
          966
           23
         1309
          748
         1007

Sweep #296
          940
         1064
         1046
          852
          409
         1630
          953
           39
         1312
          747
         1008

Sweep #297
          975
         1038
         1071
          866
          438
         1589
          975
           59
         1262
          718
         1009

Sweep #298
         1015
          990
         1017
          836
          449
         1572
          987
           56
         1303
          759
         1013
            3

Sweep #299
         1062
          948
          972
          862
          453
         1576
          999
           52
         1280
          797
          997
            2

Sweep #300
         1015
          990
          928
          876
          439
         1601
          975
           32
         1287
          845
         1012

