104
104
102
102
95
88
81
72
64
60
56
52
50
45
41
38
36
36
33
32
32
30
27
26
27
27
27
27
26
27
26
26
26
26
26
26
26
26
26
25
24
24
24
23
23
22
22
21
20
21
21
20
20
19
18
19
17
17
17
19
17
17
16
16
16
16
16
16
16
16
16
16
16
16
16
16
16
16
15
16
14
14
14
14
14
14
14
14
14
14
14
14
14
14
14
14
14
14
14
14
14
14
14
14
14
15
15
14
14
14
14
14
14
14
14
14
14
14
14
14
14
13
13
13
13
13
13
13
13
13
13
13
13
13
13
13
13
13
13
13
13
13
13
13
13
13
13
13
13
13
13
12
12
12
12
12
12
12
12
12
12
12
12
12
12
12
12
12
12
12
12
12
12
12
12
12
12
12
12
12
14
13
13
12
12
13
13
12
12
11
11
11
11
11
11
11
11
11
12
12
11
12
11
11
11
11
11
11
11
11
11
11
11
11
11
11
11
11
11
11
12
11
11
11
11
11
11
11
11
11
11
11
11
11
11
11
11
12
12
12
11
11
11
11
11
11
11
11
11
11
11
11
11
11
11
11
11
11
11
11
12
11
11
11
11
11
11
11
11
11
11
11
11
11
11
11
11
11
11
12
12
12
12
12
12
12
11
11
11
11
12
11
11
11
11
11
11
12
12
11
