  -1.4645  -2.1721
  -2.6320  -0.7510
  -0.9757   1.9073
  -3.7129   0.1842
  -2.2106   0.0582
  -0.9713   0.6367
  -1.4382  -2.9432
  -2.3746  -0.2204
   1.6459  -4.5572
  -2.5574  -0.8431
  -2.7544   0.2893
  -5.1697  -5.5337
  -2.8248   1.7530
  -4.0616   2.1099
  -3.5573   0.1594
  -0.8088   3.1073
   0.0479  -3.6620
  -0.9569  -2.0511
  -1.3389  -2.5264
  -1.7528  -2.6492
  -1.8149  -3.0372
  -3.1502   1.2379
  -2.0836  -0.2353
  -2.3922  -0.8396
  -1.6005  -2.0591
  -1.4677   2.0514
  -1.5454  -2.3510
  -1.6625   1.8775
  -4.7366   4.4411
  -3.1095   0.8459
   1.4945   2.7538
  -5.6822  -0.0094
  -2.9016   0.6699
   4.5402   0.2676
  -0.9601  -2.5520
  -0.5219   3.0366
  -1.6700   0.6902
  -2.8524   1.3250
   4.1165   2.8379
  -2.2086   0.0689
   5.0112   7.1124
  -2.6536  -0.3809
  -2.1781   2.1714
  -2.5280   0.6865
   1.6467   5.0910
  -0.7881  -2.9305
  -1.8411  -1.4630
   0.6409  -3.8205
  -1.6112  -0.6145
  -0.8048  -0.5577
   0.7141  -4.1991
   0.5734   3.4872
  -2.2454   0.6891
  -0.2840   4.7537
  -1.4744  -1.9322
  -4.1406  -0.8441
  -3.9592  -1.5668
  -1.6624  -2.4483
  -1.1755   1.6517
   1.4946  -4.9817
