   1.1505   0.7879
   0.7879   2.0251

   1.3193   0.9916
   0.9916   1.6898

   1.3183  -0.9945
  -0.9945   1.7812

   2.0970   0.5519
   0.5519   0.6543

   4.5562   1.4967
   1.4967   1.4902

   1.0433   0.2298
   0.2298   0.7254

   1.5376   1.4665
   1.4665   2.6952

   0.7524  -0.1800
  -0.1800   1.4095

   1.9058  -1.0303
  -1.0303   1.2680

   1.6803   0.4791
   0.4791   1.6017

   2.5251  -0.2994
  -0.2994   3.5026

   0.6967  -0.5469
  -0.5469   1.9205

   1.8877  -0.8324
  -0.8324   1.3500

   0.9109  -0.1360
  -0.1360   0.9580

