   1.8039   0.0496
   0.0496   1.5875

   1.5565  -0.9513
  -0.9513   3.8732

   1.8390  -1.7424
  -1.7424   2.6029

   3.2168   0.7993
   0.7993   0.7168

   1.9650  -0.6698
  -0.6698   2.3531

   1.0864   0.2499
   0.2499   0.6263

   2.1930   0.8572
   0.8572   7.1896

   1.4813  -0.6452
  -0.6452   2.2058

   1.3989  -0.8562
  -0.8562   1.2404

   1.2948   0.0301
   0.0301   0.5425

   1.9453  -1.7687
  -1.7687   6.5694

   0.7360  -0.6382
  -0.6382   1.9835

   20.3788    4.1248
    4.1248    4.6475

   1.2668  -0.1067
  -0.1067   2.2738

   1.0702   0.9359
   0.9359   3.2678

   3.3092  -0.4776
  -0.4776   4.3956

   1.4331   0.7339
   0.7339   1.7644

   1.8343   1.1986
   1.1986   1.7786

   0.5881  -0.3254
  -0.3254   1.8968

   1.5372  -0.8944
  -0.8944   2.2790

   1.7767   1.7908
   1.7908   8.6732

