   1.115757510013e+00   6.793458946718e-01
   6.793458946718e-01   1.662889688418e+00
   1.464990417013e+00   9.219644651954e-01
   9.219644651954e-01   1.664100257015e+00
   8.073010033603e-01  -5.238677410831e-01
  -5.238677410831e-01   1.688702953941e+00
   1.696108548397e+00   2.457447626671e-01
   2.457447626671e-01   5.259631275627e-01
   3.041440671084e+00   1.000499027022e+00
   1.000499027022e+00   1.031383024347e+00
   8.616147560109e-01   1.675911052081e-01
   1.675911052081e-01   7.064320488808e-01
   1.267010844123e+00   9.107001145792e-01
   9.107001145792e-01   1.689382104607e+00
   3.050161977399e+00   4.570670057517e-01
   4.570670057517e-01   9.194184388914e-01
   1.599992687463e+00  -9.574233182363e-01
  -9.574233182363e-01   1.454781064799e+00
   2.009890536108e+00   1.919504273703e-01
   1.919504273703e-01   1.265196726529e+00
   7.898804684639e-01  -6.025523038710e-01
  -6.025523038710e-01   1.946779198231e+00
