   3.5900   2.4373
   2.4373   7.3649

   0.6318  -0.3449
  -0.3449   2.5280

   1.2939   0.7537
   0.7537   3.9469

   4.9790  -1.6013
  -1.6013   6.1931

    1.1509    2.5466
    2.5466   17.1193

   2.0399   1.2575
   1.2575   5.8147

   1.9069  -0.8806
  -0.8806   2.5976

   1.3587  -0.3721
  -0.3721   4.4267

   0.9590  -0.0396
  -0.0396   1.9789

   1.2423  -1.2900
  -1.2900   2.5671

   2.4985  -1.4194
  -1.4194   4.3737

   0.7499  -0.4742
  -0.4742   1.7912

   3.7605  -0.3572
  -0.3572   1.6350

   0.8403   0.5193
   0.5193   2.0638

   3.1803  -0.8641
  -0.8641   3.6976

   5.3152   3.8700
   3.8700   4.9009

   3.3088  -2.1443
  -2.1443   2.4601

   2.3920  -1.7128
  -1.7128   4.4702

   1.7428  -1.6351
  -1.6351   3.3551

   0.8415  -0.4885
  -0.4885   1.5854

   4.4009   1.3430
   1.3430   5.2170

   0.7275   0.0278
   0.0278   1.9305

   1.8328   1.1001
   1.1001   6.2519

   1.0262  -0.7168
  -0.7168   1.8312

   1.6523  -1.8252
  -1.8252   3.2142

   1.3406   0.0739
   0.0739   1.1378

   2.3853  -1.7000
  -1.7000   2.4513

   1.6770   0.1104
   0.1104   0.8099

   3.2136  -0.0290
  -0.0290   2.8052

   3.5534  -0.7822
  -0.7822   6.9216

    3.8001    4.1524
    4.1524   30.8471

   2.7573   1.8277
   1.8277   4.1093

   4.8384  -0.4083
  -0.4083   2.5581

   8.7357   4.1989
   4.1989   3.0280

   1.3385  -0.7974
  -0.7974   2.2910

   2.4464   1.7554
   1.7554   2.9090

   2.4063  -2.5416
  -2.5416   6.7145

   1.4814   0.0125
   0.0125   1.8272

   2.0321  -1.5479
  -1.5479   6.8283

   1.6100  -0.0429
  -0.0429   2.2483

   1.0997   0.4548
   0.4548   3.0703

   0.9817  -0.2167
  -0.2167   2.9154

   1.2538   0.0578
   0.0578   0.9789

   0.5567  -0.5477
  -0.5477   2.5593

   1.7159   1.4972
   1.4972   2.2132

   0.8108  -0.2689
  -0.2689   1.9752

   1.8507  -2.2650
  -2.2650   4.8653

   6.1136   2.5347
   2.5347   1.6891

   4.1174  -3.2921
  -3.2921   8.1707

   2.0948   1.1088
   1.1088   3.2287

   1.7247  -0.8499
  -0.8499   1.0160

   6.5624   6.0555
   6.0555   7.9358

   1.8406   0.1768
   0.1768   3.2059

   1.6174   0.9968
   0.9968   3.8609

   1.1339  -1.0300
  -1.0300   3.3948

   24.3387   16.0229
   16.0229   16.5073

   2.7892   2.8424
   2.8424   6.9239

   1.7689  -0.8149
  -0.8149   1.6839

   1.6284   1.0748
   1.0748   2.7403

   3.1808  -0.3142
  -0.3142   1.1338

